sample.interval=20000
"Rprof" 
"codeBufCode" "genCode" "cb$putconst" "cmpCallArgs" "cmpCallSymFun" "cmpCall" "cmp" "cmpSymbolAssign" "h" "tryInline" "cmpCall" "cmp" "h" "tryInline" "cmpCall" "cmp" "genCode" "cmpfun" "doTryCatch" "tryCatchOne" "tryCatchList" "tryCatch" "compiler:::tryCmpfun" "subsampling.plants" 
"cb$putcode" "cmpBuiltinArgs" "h" "tryInline" "cmpCall" "cmp" "genCode" "cb$putconst" "cmpCallArgs" "cmpCallSymFun" "cmpCall" "cmp" "genCode" "cb$putconst" "cmpCallArgs" "cmpCallSymFun" "cmpCall" "cmp" "genCode" "cb$putconst" "cmpCallArgs" "cmpCallSymFun" "cmpCall" "cmp" "cmpSymbolAssign" "h" "tryInline" "cmpCall" "cmp" "h" "tryInline" "cmpCall" "cmp" "genCode" "cmpfun" "doTryCatch" "tryCatchOne" "tryCatchList" "tryCatch" "compiler:::tryCmpfun" "subsampling.plants" 
"sub" "trim_trailing_spaces" "has_overflown" "line_push" "method" "self$push_one" "method" "lines$push" "deparser" "sexp_deparse" "deparser" "method" "lines$deparse" "operand_deparse" "binary_op_deparse" "deparser" "op_deparse" "deparser" "sexp_deparse" "deparser" "method" "lines$deparse" "operand_deparse" "binary_op_deparse" "deparser" "op_deparse" "deparser" "sexp_deparse" "quo_deparse" "expr_deparse" "infix_overflows" "as_label" "dplyr_quosures" "filter.data.frame" "filter" ".External2" "%>%" "subsampling.plants" 
"%in%" "[" "subsampling.plants" 
"intersect" "standardGeneric" "intersect" "match_phylo_comm" "subsampling.plants" 
"drop.tip.phylo" "drop.tip" "keep.tip.phylo" "keep.tip" "match_phylo_comm" "subsampling.plants" 
"%in%" "drop.tip.phylo" "drop.tip" "keep.tip.phylo" "keep.tip" "match_phylo_comm" "subsampling.plants" 
"sum" "drop.tip.phylo" "drop.tip" "keep.tip.phylo" "keep.tip" "match_phylo_comm" "subsampling.plants" 
"%in%" "drop.tip.phylo" "drop.tip" "keep.tip.phylo" "keep.tip" "match_phylo_comm" "subsampling.plants" 
"drop.tip.phylo" "drop.tip" "keep.tip.phylo" "keep.tip" "match_phylo_comm" "subsampling.plants" 
"%in%" "drop.tip.phylo" "drop.tip" "keep.tip.phylo" "keep.tip" "match_phylo_comm" "subsampling.plants" 
"%in%" "drop.tip.phylo" "drop.tip" "keep.tip.phylo" "keep.tip" "match_phylo_comm" "subsampling.plants" 
"%in%" "drop.tip.phylo" "drop.tip" "keep.tip.phylo" "keep.tip" "match_phylo_comm" "subsampling.plants" 
"%in%" "drop.tip.phylo" "drop.tip" "keep.tip.phylo" "keep.tip" "match_phylo_comm" "subsampling.plants" 
"%in%" "drop.tip.phylo" "drop.tip" "keep.tip.phylo" "keep.tip" "match_phylo_comm" "subsampling.plants" 
"drop.tip.phylo" "drop.tip" "keep.tip.phylo" "keep.tip" "match_phylo_comm" "subsampling.plants" 
"sum" "drop.tip.phylo" "drop.tip" "keep.tip.phylo" "keep.tip" "match_phylo_comm" "subsampling.plants" 
"%in%" "drop.tip.phylo" "drop.tip" "keep.tip.phylo" "keep.tip" "match_phylo_comm" "subsampling.plants" 
"drop.tip.phylo" "drop.tip" "keep.tip.phylo" "keep.tip" "match_phylo_comm" "subsampling.plants" 
"drop.tip.phylo" "drop.tip" "keep.tip.phylo" "keep.tip" "match_phylo_comm" "subsampling.plants" 
"drop.tip.phylo" "drop.tip" "keep.tip.phylo" "keep.tip" "match_phylo_comm" "subsampling.plants" 
"%in%" "drop.tip.phylo" "drop.tip" "keep.tip.phylo" "keep.tip" "match_phylo_comm" "subsampling.plants" 
"%in%" "drop.tip.phylo" "drop.tip" "keep.tip.phylo" "keep.tip" "match_phylo_comm" "subsampling.plants" 
"sum" "drop.tip.phylo" "drop.tip" "keep.tip.phylo" "keep.tip" "match_phylo_comm" "subsampling.plants" 
"drop.tip.phylo" "drop.tip" "keep.tip.phylo" "keep.tip" "match_phylo_comm" "subsampling.plants" 
"drop.tip.phylo" "drop.tip" "keep.tip.phylo" "keep.tip" "match_phylo_comm" "subsampling.plants" 
"%in%" "drop.tip.phylo" "drop.tip" "keep.tip.phylo" "keep.tip" "match_phylo_comm" "subsampling.plants" 
"%in%" "drop.tip.phylo" "drop.tip" "keep.tip.phylo" "keep.tip" "match_phylo_comm" "subsampling.plants" 
"%in%" "drop.tip.phylo" "drop.tip" "keep.tip.phylo" "keep.tip" "match_phylo_comm" "subsampling.plants" 
"%in%" "drop.tip.phylo" "drop.tip" "keep.tip.phylo" "keep.tip" "match_phylo_comm" "subsampling.plants" 
"%in%" "drop.tip.phylo" "drop.tip" "keep.tip.phylo" "keep.tip" "match_phylo_comm" "subsampling.plants" 
"stopifnot" "rank" "drop.tip.phylo" "drop.tip" "keep.tip.phylo" "keep.tip" "match_phylo_comm" "subsampling.plants" 
"stopifnot" "rank" "drop.tip.phylo" "drop.tip" "keep.tip.phylo" "keep.tip" "match_phylo_comm" "subsampling.plants" 
"stopifnot" "rank" "drop.tip.phylo" "drop.tip" "keep.tip.phylo" "keep.tip" "match_phylo_comm" "subsampling.plants" 
"drop.tip.phylo" "drop.tip" "keep.tip.phylo" "keep.tip" "match_phylo_comm" "subsampling.plants" 
"Matrix::sparseMatrix" "phylo_community" "PD" "as.data.frame" "mutate" "rename" ".External2" "%>%" "subsampling.plants" 
"FUN" "lapply" "doTryCatch" "tryCatchOne" "tryCatchList" "tryCatch" "try" "packageDescription" "withCallingHandlers" "suppressWarnings" "utils::packageVersion" ".rlang_cli_compat" ".rlang_cli_format_fallback" "signal" "compute_groups" "grouped_df" "group_by.data.frame" "group_by" "summarise" ".External2" "%>%" "subsampling.plants" 
"sp::SpatialPoints" "sfc2SpatialPoints" ".as_Spatial" "as_Spatial" "sp::addAttrToGeom" "asMethod" "as" "FUN" "lapply" "subsampling.plants" 
"ud_is_parseable" "is_udunits_time" "as_units.character" "as_units" "crs_parameters" "st_is_longlat" "isTRUE" "st_centroid.sfc" "st_centroid" "st_set_geometry" "st_centroid.sf" "sf::st_centroid" "withCallingHandlers" "suppressWarnings" "get_data_object_splm" "splm" "FUN" "lapply" "doTryCatch" "tryCatchOne" "tryCatchList" "tryCatch" "try" "subsampling.plants" 
"exp" "exp" "spcov_matrix.exponential" "spcov_matrix" "cov_matrix" "<Anonymous>" "mapply" "get_cov_matrix_list" "gloglik_products.exponential" "gloglik_products" "FUN" "vapply" "cov_initial_search.exponential" "cov_initial_search" "cov_estimate_gloglik_splm" "splm" "FUN" "lapply" "doTryCatch" "tryCatchOne" "tryCatchList" "tryCatch" "try" "subsampling.plants" 
"as" ".local" "Matrix::chol" "standardGeneric" "Matrix::chol" "get_cholprods" "<Anonymous>" "mapply" "gloglik_products.exponential" "gloglik_products" "FUN" "vapply" "cov_initial_search.exponential" "cov_initial_search" "cov_estimate_gloglik_splm" "splm" "FUN" "lapply" "doTryCatch" "tryCatchOne" "tryCatchList" "tryCatch" "try" "subsampling.plants" 
".Call" ".local" "Cholesky" "Cholesky" ".class1" "as" ".local" "Matrix::chol" "standardGeneric" "Matrix::chol" "get_cholprods" "<Anonymous>" "mapply" "gloglik_products.exponential" "gloglik_products" "FUN" "vapply" "cov_initial_search.exponential" "cov_initial_search" "cov_estimate_gloglik_splm" "splm" "FUN" "lapply" "doTryCatch" "tryCatchOne" "tryCatchList" "tryCatch" "try" "subsampling.plants" 
".Call" ".local" "Cholesky" "Cholesky" ".class1" "as" ".local" "Matrix::chol" "standardGeneric" "Matrix::chol" "get_cholprods" "<Anonymous>" "mapply" "gloglik_products.exponential" "gloglik_products" "fn" "<Anonymous>" ".External2" "optim" "do.call" "use_gloglik" "cov_estimate_gloglik_splm" "splm" "FUN" "lapply" "doTryCatch" "tryCatchOne" "tryCatchList" "tryCatch" "try" "subsampling.plants" 
"exp" "exp" "spcov_matrix.exponential" "spcov_matrix" "cov_matrix" "<Anonymous>" "mapply" "get_cov_matrix_list" "gloglik_products.exponential" "gloglik_products" "fn" "<Anonymous>" ".External2" "optim" "do.call" "use_gloglik" "cov_estimate_gloglik_splm" "splm" "FUN" "lapply" "doTryCatch" "tryCatchOne" "tryCatchList" "tryCatch" "try" "subsampling.plants" 
"exp" "exp" "spcov_matrix.exponential" "spcov_matrix" "cov_matrix" "<Anonymous>" "mapply" "get_cov_matrix_list" "gloglik_products.exponential" "gloglik_products" "fn" "<Anonymous>" ".External2" "optim" "do.call" "use_gloglik" "cov_estimate_gloglik_splm" "splm" "FUN" "lapply" "doTryCatch" "tryCatchOne" "tryCatchList" "tryCatch" "try" "subsampling.plants" 
".Call" ".local" "Cholesky" "Cholesky" ".class1" "as" ".local" "Matrix::chol" "standardGeneric" "Matrix::chol" "get_cholprods" "<Anonymous>" "mapply" "gloglik_products.exponential" "gloglik_products" "fn" "<Anonymous>" ".External2" "optim" "do.call" "use_gloglik" "cov_estimate_gloglik_splm" "splm" "FUN" "lapply" "doTryCatch" "tryCatchOne" "tryCatchList" "tryCatch" "try" "subsampling.plants" 
"exp" "exp" "spcov_matrix.exponential" "spcov_matrix" "cov_matrix" "<Anonymous>" "mapply" "get_cov_matrix_list" "gloglik_products.exponential" "gloglik_products" "fn" "<Anonymous>" ".External2" "optim" "do.call" "use_gloglik" "cov_estimate_gloglik_splm" "splm" "FUN" "lapply" "doTryCatch" "tryCatchOne" "tryCatchList" "tryCatch" "try" "subsampling.plants" 
"exp" "exp" "spcov_matrix.exponential" "spcov_matrix" "cov_matrix" "<Anonymous>" "mapply" "get_cov_matrix_list" "gloglik_products.exponential" "gloglik_products" "fn" "<Anonymous>" ".External2" "optim" "do.call" "use_gloglik" "cov_estimate_gloglik_splm" "splm" "FUN" "lapply" "doTryCatch" "tryCatchOne" "tryCatchList" "tryCatch" "try" "subsampling.plants" 
"as.matrix" "chol.default" "chol" "standardGeneric" "chol" "gloglik_products.exponential" "gloglik_products" "fn" "<Anonymous>" ".External2" "optim" "do.call" "use_gloglik" "cov_estimate_gloglik_splm" "splm" "FUN" "lapply" "doTryCatch" "tryCatchOne" "tryCatchList" "tryCatch" "try" "subsampling.plants" 
"as" ".local" "Matrix::chol" "standardGeneric" "Matrix::chol" "get_cholprods" "<Anonymous>" "mapply" "gloglik_products.exponential" "gloglik_products" "fn" "<Anonymous>" ".External2" "optim" "do.call" "use_gloglik" "cov_estimate_gloglik_splm" "splm" "FUN" "lapply" "doTryCatch" "tryCatchOne" "tryCatchList" "tryCatch" "try" "subsampling.plants" 
".Call" ".local" "Cholesky" "Cholesky" ".class1" "as" ".local" "Matrix::chol" "standardGeneric" "Matrix::chol" "get_cholprods" "<Anonymous>" "mapply" "gloglik_products.exponential" "gloglik_products" "fn" "<Anonymous>" ".External2" "optim" "do.call" "use_gloglik" "cov_estimate_gloglik_splm" "splm" "FUN" "lapply" "doTryCatch" "tryCatchOne" "tryCatchList" "tryCatch" "try" "subsampling.plants" 
"exp" "exp" "spcov_matrix.exponential" "spcov_matrix" "cov_matrix" "<Anonymous>" "mapply" "get_cov_matrix_list" "gloglik_products.exponential" "gloglik_products" "fn" "<Anonymous>" ".External2" "optim" "do.call" "use_gloglik" "cov_estimate_gloglik_splm" "splm" "FUN" "lapply" "doTryCatch" "tryCatchOne" "tryCatchList" "tryCatch" "try" "subsampling.plants" 
".Call" ".local" "Cholesky" "Cholesky" ".class1" "as" ".local" "Matrix::chol" "standardGeneric" "Matrix::chol" "get_cholprods" "<Anonymous>" "mapply" "gloglik_products.exponential" "gloglik_products" "fn" "<Anonymous>" ".External2" "optim" "do.call" "use_gloglik" "cov_estimate_gloglik_splm" "splm" "FUN" "lapply" "doTryCatch" "tryCatchOne" "tryCatchList" "tryCatch" "try" "subsampling.plants" 
"-" "-" "spcov_matrix.exponential" "spcov_matrix" "cov_matrix" "<Anonymous>" "mapply" "get_cov_matrix_list" "gloglik_products.exponential" "gloglik_products" "fn" "<Anonymous>" ".External2" "optim" "do.call" "use_gloglik" "cov_estimate_gloglik_splm" "splm" "FUN" "lapply" "doTryCatch" "tryCatchOne" "tryCatchList" "tryCatch" "try" "subsampling.plants" 
".Call" ".local" "Cholesky" "Cholesky" ".class1" "as" ".local" "Matrix::chol" "standardGeneric" "Matrix::chol" "get_cholprods" "<Anonymous>" "mapply" "gloglik_products.exponential" "gloglik_products" "fn" "<Anonymous>" ".External2" "optim" "do.call" "use_gloglik" "cov_estimate_gloglik_splm" "splm" "FUN" "lapply" "doTryCatch" "tryCatchOne" "tryCatchList" "tryCatch" "try" "subsampling.plants" 
"exp" "exp" "spcov_matrix.exponential" "spcov_matrix" "cov_matrix" "<Anonymous>" "mapply" "get_cov_matrix_list" "gloglik_products.exponential" "gloglik_products" "fn" "<Anonymous>" ".External2" "optim" "do.call" "use_gloglik" "cov_estimate_gloglik_splm" "splm" "FUN" "lapply" "doTryCatch" "tryCatchOne" "tryCatchList" "tryCatch" "try" "subsampling.plants" 
"exp" "exp" "spcov_matrix.exponential" "spcov_matrix" "cov_matrix" "<Anonymous>" "mapply" "get_cov_matrix_list" "gloglik_products.exponential" "gloglik_products" "fn" "<Anonymous>" ".External2" "optim" "do.call" "use_gloglik" "cov_estimate_gloglik_splm" "splm" "FUN" "lapply" "doTryCatch" "tryCatchOne" "tryCatchList" "tryCatch" "try" "subsampling.plants" 
"exp" "exp" "spcov_matrix.exponential" "spcov_matrix" "cov_matrix" "<Anonymous>" "mapply" "get_cov_matrix_list" "gloglik_products.exponential" "gloglik_products" "fn" "<Anonymous>" ".External2" "optim" "do.call" "use_gloglik" "cov_estimate_gloglik_splm" "splm" "FUN" "lapply" "doTryCatch" "tryCatchOne" "tryCatchList" "tryCatch" "try" "subsampling.plants" 
"exp" "exp" "spcov_matrix.exponential" "spcov_matrix" "cov_matrix" "<Anonymous>" "mapply" "get_cov_matrix_list" "gloglik_products.exponential" "gloglik_products" "fn" "<Anonymous>" ".External2" "optim" "do.call" "use_gloglik" "cov_estimate_gloglik_splm" "splm" "FUN" "lapply" "doTryCatch" "tryCatchOne" "tryCatchList" "tryCatch" "try" "subsampling.plants" 
"exp" "exp" "spcov_matrix.exponential" "spcov_matrix" "cov_matrix" "<Anonymous>" "mapply" "get_cov_matrix_list" "gloglik_products.exponential" "gloglik_products" "fn" "<Anonymous>" ".External2" "optim" "do.call" "use_gloglik" "cov_estimate_gloglik_splm" "splm" "FUN" "lapply" "doTryCatch" "tryCatchOne" "tryCatchList" "tryCatch" "try" "subsampling.plants" 
"exp" "exp" "spcov_matrix.exponential" "spcov_matrix" "cov_matrix" "<Anonymous>" "mapply" "get_cov_matrix_list" "gloglik_products.exponential" "gloglik_products" "fn" "<Anonymous>" ".External2" "optim" "do.call" "use_gloglik" "cov_estimate_gloglik_splm" "splm" "FUN" "lapply" "doTryCatch" "tryCatchOne" "tryCatchList" "tryCatch" "try" "subsampling.plants" 
"exp" "exp" "spcov_matrix.exponential" "spcov_matrix" "cov_matrix" "<Anonymous>" "mapply" "get_cov_matrix_list" "gloglik_products.exponential" "gloglik_products" "fn" "<Anonymous>" ".External2" "optim" "do.call" "use_gloglik" "cov_estimate_gloglik_splm" "splm" "FUN" "lapply" "doTryCatch" "tryCatchOne" "tryCatchList" "tryCatch" "try" "subsampling.plants" 
"exp" "exp" "spcov_matrix.exponential" "spcov_matrix" "cov_matrix" "<Anonymous>" "mapply" "get_cov_matrix_list" "gloglik_products.exponential" "gloglik_products" "get_prof_sigma2" "use_gloglik" "cov_estimate_gloglik_splm" "splm" "FUN" "lapply" "doTryCatch" "tryCatchOne" "tryCatchList" "tryCatch" "try" "subsampling.plants" 
"eigen" "get_eigenprods" "<Anonymous>" "mapply" "get_model_stats_splm" "splm" "FUN" "lapply" "doTryCatch" "tryCatchOne" "tryCatchList" "tryCatch" "try" "subsampling.plants" 
"eigen" "get_eigenprods" "<Anonymous>" "mapply" "get_model_stats_splm" "splm" "FUN" "lapply" "doTryCatch" "tryCatchOne" "tryCatchList" "tryCatch" "try" "subsampling.plants" 
"exp" "exp" "spcov_matrix.exponential" "spcov_matrix" "FUN" "lapply" "get_fitted_splm" "get_model_stats_splm" "splm" "FUN" "lapply" "doTryCatch" "tryCatchOne" "tryCatchList" "tryCatch" "try" "subsampling.plants" 
"is.na" "all.equal.numeric" "all.equal" "isSymmetric.matrix" "isSymmetric" "standardGeneric" "isSymmetric" ".m2sparse.checking" "asMethod" "as" "Matrix" "spdist" "FUN" "lapply" "cov_estimate_gloglik_splm" "splm" "FUN" "lapply" "doTryCatch" "tryCatchOne" "tryCatchList" "tryCatch" "try" "subsampling.plants" 
"exp" "exp" "spcov_matrix.exponential" "spcov_matrix" "cov_matrix" "<Anonymous>" "mapply" "get_cov_matrix_list" "gloglik_products.exponential" "gloglik_products" "FUN" "vapply" "cov_initial_search.exponential" "cov_initial_search" "cov_estimate_gloglik_splm" "splm" "FUN" "lapply" "doTryCatch" "tryCatchOne" "tryCatchList" "tryCatch" "try" "subsampling.plants" 
".Call" ".local" "Cholesky" "Cholesky" ".class1" "as" ".local" "Matrix::chol" "standardGeneric" "Matrix::chol" "get_cholprods" "<Anonymous>" "mapply" "gloglik_products.exponential" "gloglik_products" "FUN" "vapply" "cov_initial_search.exponential" "cov_initial_search" "cov_estimate_gloglik_splm" "splm" "FUN" "lapply" "doTryCatch" "tryCatchOne" "tryCatchList" "tryCatch" "try" "subsampling.plants" 
"exp" "exp" "spcov_matrix.exponential" "spcov_matrix" "cov_matrix" "<Anonymous>" "mapply" "get_cov_matrix_list" "gloglik_products.exponential" "gloglik_products" "FUN" "vapply" "cov_initial_search.exponential" "cov_initial_search" "cov_estimate_gloglik_splm" "splm" "FUN" "lapply" "doTryCatch" "tryCatchOne" "tryCatchList" "tryCatch" "try" "subsampling.plants" 
"exp" "exp" "spcov_matrix.exponential" "spcov_matrix" "cov_matrix" "<Anonymous>" "mapply" "get_cov_matrix_list" "gloglik_products.exponential" "gloglik_products" "fn" "<Anonymous>" ".External2" "optim" "do.call" "use_gloglik" "cov_estimate_gloglik_splm" "splm" "FUN" "lapply" "doTryCatch" "tryCatchOne" "tryCatchList" "tryCatch" "try" "subsampling.plants" 
"exp" "exp" "spcov_matrix.exponential" "spcov_matrix" "cov_matrix" "<Anonymous>" "mapply" "get_cov_matrix_list" "gloglik_products.exponential" "gloglik_products" "fn" "<Anonymous>" ".External2" "optim" "do.call" "use_gloglik" "cov_estimate_gloglik_splm" "splm" "FUN" "lapply" "doTryCatch" "tryCatchOne" "tryCatchList" "tryCatch" "try" "subsampling.plants" 
"exp" "exp" "spcov_matrix.exponential" "spcov_matrix" "cov_matrix" "<Anonymous>" "mapply" "get_cov_matrix_list" "gloglik_products.exponential" "gloglik_products" "fn" "<Anonymous>" ".External2" "optim" "do.call" "use_gloglik" "cov_estimate_gloglik_splm" "splm" "FUN" "lapply" "doTryCatch" "tryCatchOne" "tryCatchList" "tryCatch" "try" "subsampling.plants" 
"exp" "exp" "spcov_matrix.exponential" "spcov_matrix" "cov_matrix" "<Anonymous>" "mapply" "get_cov_matrix_list" "gloglik_products.exponential" "gloglik_products" "fn" "<Anonymous>" ".External2" "optim" "do.call" "use_gloglik" "cov_estimate_gloglik_splm" "splm" "FUN" "lapply" "doTryCatch" "tryCatchOne" "tryCatchList" "tryCatch" "try" "subsampling.plants" 
"-" "-" "spcov_matrix.exponential" "spcov_matrix" "cov_matrix" "<Anonymous>" "mapply" "get_cov_matrix_list" "gloglik_products.exponential" "gloglik_products" "fn" "<Anonymous>" ".External2" "optim" "do.call" "use_gloglik" "cov_estimate_gloglik_splm" "splm" "FUN" "lapply" "doTryCatch" "tryCatchOne" "tryCatchList" "tryCatch" "try" "subsampling.plants" 
".Call" ".local" "Cholesky" "Cholesky" ".class1" "as" ".local" "Matrix::chol" "standardGeneric" "Matrix::chol" "get_cholprods" "<Anonymous>" "mapply" "gloglik_products.exponential" "gloglik_products" "fn" "<Anonymous>" ".External2" "optim" "do.call" "use_gloglik" "cov_estimate_gloglik_splm" "splm" "FUN" "lapply" "doTryCatch" "tryCatchOne" "tryCatchList" "tryCatch" "try" "subsampling.plants" 
"exp" "exp" "spcov_matrix.exponential" "spcov_matrix" "cov_matrix" "<Anonymous>" "mapply" "get_cov_matrix_list" "gloglik_products.exponential" "gloglik_products" "fn" "<Anonymous>" ".External2" "optim" "do.call" "use_gloglik" "cov_estimate_gloglik_splm" "splm" "FUN" "lapply" "doTryCatch" "tryCatchOne" "tryCatchList" "tryCatch" "try" "subsampling.plants" 
"exp" "exp" "spcov_matrix.exponential" "spcov_matrix" "cov_matrix" "<Anonymous>" "mapply" "get_cov_matrix_list" "gloglik_products.exponential" "gloglik_products" "fn" "<Anonymous>" ".External2" "optim" "do.call" "use_gloglik" "cov_estimate_gloglik_splm" "splm" "FUN" "lapply" "doTryCatch" "tryCatchOne" "tryCatchList" "tryCatch" "try" "subsampling.plants" 
"asMethod" "as" "as.matrix.Matrix" "as.matrix" "forwardsolve" "get_cholprods" "<Anonymous>" "mapply" "gloglik_products.exponential" "gloglik_products" "fn" "<Anonymous>" ".External2" "optim" "do.call" "use_gloglik" "cov_estimate_gloglik_splm" "splm" "FUN" "lapply" "doTryCatch" "tryCatchOne" "tryCatchList" "tryCatch" "try" "subsampling.plants" 
"exp" "exp" "spcov_matrix.exponential" "spcov_matrix" "cov_matrix" "<Anonymous>" "mapply" "get_cov_matrix_list" "gloglik_products.exponential" "gloglik_products" "fn" "<Anonymous>" ".External2" "optim" "do.call" "use_gloglik" "cov_estimate_gloglik_splm" "splm" "FUN" "lapply" "doTryCatch" "tryCatchOne" "tryCatchList" "tryCatch" "try" "subsampling.plants" 
"exp" "exp" "spcov_matrix.exponential" "spcov_matrix" "cov_matrix" "<Anonymous>" "mapply" "get_cov_matrix_list" "gloglik_products.exponential" "gloglik_products" "fn" "<Anonymous>" ".External2" "optim" "do.call" "use_gloglik" "cov_estimate_gloglik_splm" "splm" "FUN" "lapply" "doTryCatch" "tryCatchOne" "tryCatchList" "tryCatch" "try" "subsampling.plants" 
"sys.call" "callNextMethod" "methods:::loadMethod" "methods:::loadMethod" "initialize" "new" "exp" "exp" "spcov_matrix.exponential" "spcov_matrix" "cov_matrix" "<Anonymous>" "mapply" "get_cov_matrix_list" "gloglik_products.exponential" "gloglik_products" "fn" "<Anonymous>" ".External2" "optim" "do.call" "use_gloglik" "cov_estimate_gloglik_splm" "splm" "FUN" "lapply" "doTryCatch" "tryCatchOne" "tryCatchList" "tryCatch" "try" "subsampling.plants" 
"exp" "exp" "spcov_matrix.exponential" "spcov_matrix" "cov_matrix" "<Anonymous>" "mapply" "get_cov_matrix_list" "gloglik_products.exponential" "gloglik_products" "fn" "<Anonymous>" ".External2" "optim" "do.call" "use_gloglik" "cov_estimate_gloglik_splm" "splm" "FUN" "lapply" "doTryCatch" "tryCatchOne" "tryCatchList" "tryCatch" "try" "subsampling.plants" 
".Call" ".local" "Cholesky" "Cholesky" ".class1" "as" ".local" "Matrix::chol" "standardGeneric" "Matrix::chol" "get_cholprods" "<Anonymous>" "mapply" "gloglik_products.exponential" "gloglik_products" "fn" "<Anonymous>" ".External2" "optim" "do.call" "use_gloglik" "cov_estimate_gloglik_splm" "splm" "FUN" "lapply" "doTryCatch" "tryCatchOne" "tryCatchList" "tryCatch" "try" "subsampling.plants" 
"as" "as.matrix.Matrix" "as.matrix" "forwardsolve" "get_cholprods" "<Anonymous>" "mapply" "gloglik_products.exponential" "gloglik_products" "fn" "<Anonymous>" ".External2" "optim" "do.call" "use_gloglik" "cov_estimate_gloglik_splm" "splm" "FUN" "lapply" "doTryCatch" "tryCatchOne" "tryCatchList" "tryCatch" "try" "subsampling.plants" 
"exp" "exp" "spcov_matrix.exponential" "spcov_matrix" "cov_matrix" "<Anonymous>" "mapply" "get_cov_matrix_list" "gloglik_products.exponential" "gloglik_products" "fn" "<Anonymous>" ".External2" "optim" "do.call" "use_gloglik" "cov_estimate_gloglik_splm" "splm" "FUN" "lapply" "doTryCatch" "tryCatchOne" "tryCatchList" "tryCatch" "try" "subsampling.plants" 
"is" "extends" "/" "/" "spcov_matrix.exponential" "spcov_matrix" "cov_matrix" "<Anonymous>" "mapply" "get_cov_matrix_list" "get_model_stats_splm" "splm" "FUN" "lapply" "doTryCatch" "tryCatchOne" "tryCatchList" "tryCatch" "try" "subsampling.plants" 
"eigen" "get_eigenprods" "<Anonymous>" "mapply" "get_model_stats_splm" "splm" "FUN" "lapply" "doTryCatch" "tryCatchOne" "tryCatchList" "tryCatch" "try" "subsampling.plants" 
"eigen" "get_eigenprods" "<Anonymous>" "mapply" "get_model_stats_splm" "splm" "FUN" "lapply" "doTryCatch" "tryCatchOne" "tryCatchList" "tryCatch" "try" "subsampling.plants" 
"FUN" "vapply" "unique" "st_cast_sfc_default" "st_cast.sfc" "st_cast" "st_as_sfc.s2_geography" "st_as_sfc" "st_centroid.sfc" "st_centroid" "st_set_geometry" "st_centroid.sf" "sf::st_centroid" "withCallingHandlers" "suppressWarnings" "get_data_object_splm" "splm" "FUN" "lapply" "doTryCatch" "tryCatchOne" "tryCatchList" "tryCatch" "try" "subsampling.plants" 
".Call" ".local" "Cholesky" "Cholesky" ".class1" "as" ".local" "Matrix::chol" "standardGeneric" "Matrix::chol" "get_cholprods" "<Anonymous>" "mapply" "gloglik_products.exponential" "gloglik_products" "FUN" "vapply" "cov_initial_search.exponential" "cov_initial_search" "cov_estimate_gloglik_splm" "splm" "FUN" "lapply" "doTryCatch" "tryCatchOne" "tryCatchList" "tryCatch" "try" "subsampling.plants" 
".Call" ".local" "Cholesky" "Cholesky" ".class1" "as" ".local" "Matrix::chol" "standardGeneric" "Matrix::chol" "get_cholprods" "<Anonymous>" "mapply" "gloglik_products.exponential" "gloglik_products" "FUN" "vapply" "cov_initial_search.exponential" "cov_initial_search" "cov_estimate_gloglik_splm" "splm" "FUN" "lapply" "doTryCatch" "tryCatchOne" "tryCatchList" "tryCatch" "try" "subsampling.plants" 
"forwardsolve" "get_cholprods" "<Anonymous>" "mapply" "gloglik_products.exponential" "gloglik_products" "FUN" "vapply" "cov_initial_search.exponential" "cov_initial_search" "cov_estimate_gloglik_splm" "splm" "FUN" "lapply" "doTryCatch" "tryCatchOne" "tryCatchList" "tryCatch" "try" "subsampling.plants" 
"exp" "exp" "spcov_matrix.exponential" "spcov_matrix" "cov_matrix" "<Anonymous>" "mapply" "get_cov_matrix_list" "gloglik_products.exponential" "gloglik_products" "FUN" "vapply" "cov_initial_search.exponential" "cov_initial_search" "cov_estimate_gloglik_splm" "splm" "FUN" "lapply" "doTryCatch" "tryCatchOne" "tryCatchList" "tryCatch" "try" "subsampling.plants" 
"exp" "exp" "spcov_matrix.exponential" "spcov_matrix" "cov_matrix" "<Anonymous>" "mapply" "get_cov_matrix_list" "gloglik_products.exponential" "gloglik_products" "FUN" "vapply" "cov_initial_search.exponential" "cov_initial_search" "cov_estimate_gloglik_splm" "splm" "FUN" "lapply" "doTryCatch" "tryCatchOne" "tryCatchList" "tryCatch" "try" "subsampling.plants" 
"exp" "exp" "spcov_matrix.exponential" "spcov_matrix" "cov_matrix" "<Anonymous>" "mapply" "get_cov_matrix_list" "gloglik_products.exponential" "gloglik_products" "fn" "<Anonymous>" ".External2" "optim" "do.call" "use_gloglik" "cov_estimate_gloglik_splm" "splm" "FUN" "lapply" "doTryCatch" "tryCatchOne" "tryCatchList" "tryCatch" "try" "subsampling.plants" 
".Call" ".local" "Cholesky" "Cholesky" ".class1" "as" ".local" "Matrix::chol" "standardGeneric" "Matrix::chol" "get_cholprods" "<Anonymous>" "mapply" "gloglik_products.exponential" "gloglik_products" "fn" "<Anonymous>" ".External2" "optim" "do.call" "use_gloglik" "cov_estimate_gloglik_splm" "splm" "FUN" "lapply" "doTryCatch" "tryCatchOne" "tryCatchList" "tryCatch" "try" "subsampling.plants" 
"diag<-" "standardGeneric" "diag<-" "spcov_matrix.exponential" "spcov_matrix" "cov_matrix" "<Anonymous>" "mapply" "get_cov_matrix_list" "gloglik_products.exponential" "gloglik_products" "fn" "<Anonymous>" ".External2" "optim" "do.call" "use_gloglik" "cov_estimate_gloglik_splm" "splm" "FUN" "lapply" "doTryCatch" "tryCatchOne" "tryCatchList" "tryCatch" "try" "subsampling.plants" 
".Call" ".local" "Cholesky" "Cholesky" ".class1" "as" ".local" "Matrix::chol" "standardGeneric" "Matrix::chol" "get_cholprods" "<Anonymous>" "mapply" "gloglik_products.exponential" "gloglik_products" "fn" "<Anonymous>" ".External2" "optim" "do.call" "use_gloglik" "cov_estimate_gloglik_splm" "splm" "FUN" "lapply" "doTryCatch" "tryCatchOne" "tryCatchList" "tryCatch" "try" "subsampling.plants" 
"all" "stopifnot" "is" ".findMethodInTable" ".quickCoerceSelect" "as" ".local" "Matrix::chol" "standardGeneric" "Matrix::chol" "get_cholprods" "<Anonymous>" "mapply" "gloglik_products.exponential" "gloglik_products" "fn" "<Anonymous>" ".External2" "optim" "do.call" "use_gloglik" "cov_estimate_gloglik_splm" "splm" "FUN" "lapply" "doTryCatch" "tryCatchOne" "tryCatchList" "tryCatch" "try" "subsampling.plants" 
"exp" "exp" "spcov_matrix.exponential" "spcov_matrix" "cov_matrix" "<Anonymous>" "mapply" "get_cov_matrix_list" "gloglik_products.exponential" "gloglik_products" "fn" "<Anonymous>" ".External2" "optim" "do.call" "use_gloglik" "cov_estimate_gloglik_splm" "splm" "FUN" "lapply" "doTryCatch" "tryCatchOne" "tryCatchList" "tryCatch" "try" "subsampling.plants" 
"exp" "exp" "spcov_matrix.exponential" "spcov_matrix" "cov_matrix" "<Anonymous>" "mapply" "get_cov_matrix_list" "gloglik_products.exponential" "gloglik_products" "fn" "<Anonymous>" ".External2" "optim" "do.call" "use_gloglik" "cov_estimate_gloglik_splm" "splm" "FUN" "lapply" "doTryCatch" "tryCatchOne" "tryCatchList" "tryCatch" "try" "subsampling.plants" 
".Call" ".local" "Cholesky" "Cholesky" ".class1" "as" ".local" "Matrix::chol" "standardGeneric" "Matrix::chol" "get_cholprods" "<Anonymous>" "mapply" "gloglik_products.exponential" "gloglik_products" "fn" "<Anonymous>" ".External2" "optim" "do.call" "use_gloglik" "cov_estimate_gloglik_splm" "splm" "FUN" "lapply" "doTryCatch" "tryCatchOne" "tryCatchList" "tryCatch" "try" "subsampling.plants" 
".getGeneric" "getGeneric" "as" ".local" "Matrix::chol" "standardGeneric" "Matrix::chol" "get_cholprods" "<Anonymous>" "mapply" "gloglik_products.exponential" "gloglik_products" "fn" "<Anonymous>" ".External2" "optim" "do.call" "use_gloglik" "cov_estimate_gloglik_splm" "splm" "FUN" "lapply" "doTryCatch" "tryCatchOne" "tryCatchList" "tryCatch" "try" "subsampling.plants" 
"exp" "exp" "spcov_matrix.exponential" "spcov_matrix" "cov_matrix" "<Anonymous>" "mapply" "get_cov_matrix_list" "gloglik_products.exponential" "gloglik_products" "get_prof_sigma2" "use_gloglik" "cov_estimate_gloglik_splm" "splm" "FUN" "lapply" "doTryCatch" "tryCatchOne" "tryCatchList" "tryCatch" "try" "subsampling.plants" 
"exp" "exp" "spcov_matrix.exponential" "spcov_matrix" "cov_matrix" "<Anonymous>" "mapply" "get_cov_matrix_list" "get_model_stats_splm" "splm" "FUN" "lapply" "doTryCatch" "tryCatchOne" "tryCatchList" "tryCatch" "try" "subsampling.plants" 
"eigen" "get_eigenprods" "<Anonymous>" "mapply" "get_model_stats_splm" "splm" "FUN" "lapply" "doTryCatch" "tryCatchOne" "tryCatchList" "tryCatch" "try" "subsampling.plants" 
"eigen" "get_eigenprods" "<Anonymous>" "mapply" "get_model_stats_splm" "splm" "FUN" "lapply" "doTryCatch" "tryCatchOne" "tryCatchList" "tryCatch" "try" "subsampling.plants" 
"structure" "eigen" "get_eigenprods" "<Anonymous>" "mapply" "get_model_stats_splm" "splm" "FUN" "lapply" "doTryCatch" "tryCatchOne" "tryCatchList" "tryCatch" "try" "subsampling.plants" 
"stopifnot" "new_wk_handler" "wk_problems_handler" "as_wk_handler" "wk_handle.wk_wkb" "wk_handle" "wk_problems" "wk::validate_wk_wkb" "s2_geog_from_wkb" "as_s2_geography.WKB" "s2::as_s2_geography" "st_as_s2.sfc" "as_s2_geography.sfc" "as_s2_geography" "cpp_s2_centroid" "structure" "new_s2_geography" "s2::s2_centroid" "st_as_sfc" "st_centroid.sfc" "st_centroid" "st_set_geometry" "st_centroid.sf" "sf::st_centroid" "withCallingHandlers" "suppressWarnings" "get_data_object_splm" "splm" "FUN" "lapply" "doTryCatch" "tryCatchOne" "tryCatchList" "tryCatch" "try" "subsampling.plants" 
"exp" "exp" "spcov_matrix.exponential" "spcov_matrix" "cov_matrix" "<Anonymous>" "mapply" "get_cov_matrix_list" "gloglik_products.exponential" "gloglik_products" "FUN" "vapply" "cov_initial_search.exponential" "cov_initial_search" "cov_estimate_gloglik_splm" "splm" "FUN" "lapply" "doTryCatch" "tryCatchOne" "tryCatchList" "tryCatch" "try" "subsampling.plants" 
".Call" ".local" "Cholesky" "Cholesky" ".class1" "as" ".local" "Matrix::chol" "standardGeneric" "Matrix::chol" "get_cholprods" "<Anonymous>" "mapply" "gloglik_products.exponential" "gloglik_products" "FUN" "vapply" "cov_initial_search.exponential" "cov_initial_search" "cov_estimate_gloglik_splm" "splm" "FUN" "lapply" "doTryCatch" "tryCatchOne" "tryCatchList" "tryCatch" "try" "subsampling.plants" 
".Call" ".local" "Cholesky" "Cholesky" ".class1" "as" ".local" "Matrix::chol" "standardGeneric" "Matrix::chol" "get_cholprods" "<Anonymous>" "mapply" "gloglik_products.exponential" "gloglik_products" "FUN" "vapply" "cov_initial_search.exponential" "cov_initial_search" "cov_estimate_gloglik_splm" "splm" "FUN" "lapply" "doTryCatch" "tryCatchOne" "tryCatchList" "tryCatch" "try" "subsampling.plants" 
".Call" ".local" "Cholesky" "Cholesky" ".class1" "as" ".local" "Matrix::chol" "standardGeneric" "Matrix::chol" "get_cholprods" "<Anonymous>" "mapply" "gloglik_products.exponential" "gloglik_products" "FUN" "vapply" "cov_initial_search.exponential" "cov_initial_search" "cov_estimate_gloglik_splm" "splm" "FUN" "lapply" "doTryCatch" "tryCatchOne" "tryCatchList" "tryCatch" "try" "subsampling.plants" 
".Call" ".local" "Cholesky" "Cholesky" ".class1" "as" ".local" "Matrix::chol" "standardGeneric" "Matrix::chol" "get_cholprods" "<Anonymous>" "mapply" "gloglik_products.exponential" "gloglik_products" "FUN" "vapply" "cov_initial_search.exponential" "cov_initial_search" "cov_estimate_gloglik_splm" "splm" "FUN" "lapply" "doTryCatch" "tryCatchOne" "tryCatchList" "tryCatch" "try" "subsampling.plants" 
"asMethod" "as" "as.matrix.Matrix" "as.matrix" "forwardsolve" "get_cholprods" "<Anonymous>" "mapply" "gloglik_products.exponential" "gloglik_products" "FUN" "vapply" "cov_initial_search.exponential" "cov_initial_search" "cov_estimate_gloglik_splm" "splm" "FUN" "lapply" "doTryCatch" "tryCatchOne" "tryCatchList" "tryCatch" "try" "subsampling.plants" 
"exp" "exp" "spcov_matrix.exponential" "spcov_matrix" "cov_matrix" "<Anonymous>" "mapply" "get_cov_matrix_list" "gloglik_products.exponential" "gloglik_products" "fn" "<Anonymous>" ".External2" "optim" "do.call" "use_gloglik" "cov_estimate_gloglik_splm" "splm" "FUN" "lapply" "doTryCatch" "tryCatchOne" "tryCatchList" "tryCatch" "try" "subsampling.plants" 
"exp" "exp" "spcov_matrix.exponential" "spcov_matrix" "cov_matrix" "<Anonymous>" "mapply" "get_cov_matrix_list" "gloglik_products.exponential" "gloglik_products" "fn" "<Anonymous>" ".External2" "optim" "do.call" "use_gloglik" "cov_estimate_gloglik_splm" "splm" "FUN" "lapply" "doTryCatch" "tryCatchOne" "tryCatchList" "tryCatch" "try" "subsampling.plants" 
".Call" ".local" "Cholesky" "Cholesky" ".class1" "as" ".local" "Matrix::chol" "standardGeneric" "Matrix::chol" "get_cholprods" "<Anonymous>" "mapply" "gloglik_products.exponential" "gloglik_products" "fn" "<Anonymous>" ".External2" "optim" "do.call" "use_gloglik" "cov_estimate_gloglik_splm" "splm" "FUN" "lapply" "doTryCatch" "tryCatchOne" "tryCatchList" "tryCatch" "try" "subsampling.plants" 
".Call" ".local" "Cholesky" "Cholesky" ".class1" "as" ".local" "Matrix::chol" "standardGeneric" "Matrix::chol" "get_cholprods" "<Anonymous>" "mapply" "gloglik_products.exponential" "gloglik_products" "fn" "<Anonymous>" ".External2" "optim" "do.call" "use_gloglik" "cov_estimate_gloglik_splm" "splm" "FUN" "lapply" "doTryCatch" "tryCatchOne" "tryCatchList" "tryCatch" "try" "subsampling.plants" 
"new" "asMethod" "as" ".local" "Matrix::chol" "standardGeneric" "Matrix::chol" "get_cholprods" "<Anonymous>" "mapply" "gloglik_products.exponential" "gloglik_products" "fn" "<Anonymous>" ".External2" "optim" "do.call" "use_gloglik" "cov_estimate_gloglik_splm" "splm" "FUN" "lapply" "doTryCatch" "tryCatchOne" "tryCatchList" "tryCatch" "try" "subsampling.plants" 
"t" "standardGeneric" "t" "get_cholprods" "<Anonymous>" "mapply" "gloglik_products.exponential" "gloglik_products" "fn" "<Anonymous>" ".External2" "optim" "do.call" "use_gloglik" "cov_estimate_gloglik_splm" "splm" "FUN" "lapply" "doTryCatch" "tryCatchOne" "tryCatchList" "tryCatch" "try" "subsampling.plants" 
".Call" ".local" "Cholesky" "Cholesky" ".class1" "as" ".local" "Matrix::chol" "standardGeneric" "Matrix::chol" "get_cholprods" "<Anonymous>" "mapply" "gloglik_products.exponential" "gloglik_products" "fn" "<Anonymous>" ".External2" "optim" "do.call" "use_gloglik" "cov_estimate_gloglik_splm" "splm" "FUN" "lapply" "doTryCatch" "tryCatchOne" "tryCatchList" "tryCatch" "try" "subsampling.plants" 
".Call" ".local" "Cholesky" "Cholesky" ".class1" "as" ".local" "Matrix::chol" "standardGeneric" "Matrix::chol" "get_cholprods" "<Anonymous>" "mapply" "gloglik_products.exponential" "gloglik_products" "fn" "<Anonymous>" ".External2" "optim" "do.call" "use_gloglik" "cov_estimate_gloglik_splm" "splm" "FUN" "lapply" "doTryCatch" "tryCatchOne" "tryCatchList" "tryCatch" "try" "subsampling.plants" 
".Call" ".local" "Cholesky" "Cholesky" ".class1" "as" ".local" "Matrix::chol" "standardGeneric" "Matrix::chol" "get_cholprods" "<Anonymous>" "mapply" "gloglik_products.exponential" "gloglik_products" "fn" "<Anonymous>" ".External2" "optim" "do.call" "use_gloglik" "cov_estimate_gloglik_splm" "splm" "FUN" "lapply" "doTryCatch" "tryCatchOne" "tryCatchList" "tryCatch" "try" "subsampling.plants" 
"exp" "exp" "spcov_matrix.exponential" "spcov_matrix" "cov_matrix" "<Anonymous>" "mapply" "get_cov_matrix_list" "gloglik_products.exponential" "gloglik_products" "fn" "<Anonymous>" ".External2" "optim" "do.call" "use_gloglik" "cov_estimate_gloglik_splm" "splm" "FUN" "lapply" "doTryCatch" "tryCatchOne" "tryCatchList" "tryCatch" "try" "subsampling.plants" 
"exp" "exp" "spcov_matrix.exponential" "spcov_matrix" "cov_matrix" "<Anonymous>" "mapply" "get_cov_matrix_list" "gloglik_products.exponential" "gloglik_products" "fn" "<Anonymous>" ".External2" "optim" "do.call" "use_gloglik" "cov_estimate_gloglik_splm" "splm" "FUN" "lapply" "doTryCatch" "tryCatchOne" "tryCatchList" "tryCatch" "try" "subsampling.plants" 
".Call" ".local" "Cholesky" "Cholesky" ".class1" "as" ".local" "Matrix::chol" "standardGeneric" "Matrix::chol" "get_cholprods" "<Anonymous>" "mapply" "gloglik_products.exponential" "gloglik_products" "fn" "<Anonymous>" ".External2" "optim" "do.call" "use_gloglik" "cov_estimate_gloglik_splm" "splm" "FUN" "lapply" "doTryCatch" "tryCatchOne" "tryCatchList" "tryCatch" "try" "subsampling.plants" 
".Call" ".local" "Cholesky" "Cholesky" ".class1" "as" ".local" "Matrix::chol" "standardGeneric" "Matrix::chol" "get_cholprods" "<Anonymous>" "mapply" "gloglik_products.exponential" "gloglik_products" "get_prof_sigma2" "use_gloglik" "cov_estimate_gloglik_splm" "splm" "FUN" "lapply" "doTryCatch" "tryCatchOne" "tryCatchList" "tryCatch" "try" "subsampling.plants" 
"eigen" "get_eigenprods" "<Anonymous>" "mapply" "get_model_stats_splm" "splm" "FUN" "lapply" "doTryCatch" "tryCatchOne" "tryCatchList" "tryCatch" "try" "subsampling.plants" 
"eigen" "get_eigenprods" "<Anonymous>" "mapply" "get_model_stats_splm" "splm" "FUN" "lapply" "doTryCatch" "tryCatchOne" "tryCatchList" "tryCatch" "try" "subsampling.plants" 
"eigen" "get_eigenprods" "<Anonymous>" "mapply" "get_model_stats_splm" "splm" "FUN" "lapply" "doTryCatch" "tryCatchOne" "tryCatchList" "tryCatch" "try" "subsampling.plants" 
"exp" "exp" "spcov_matrix.exponential" "spcov_matrix" "FUN" "lapply" "get_fitted_splm" "get_model_stats_splm" "splm" "FUN" "lapply" "doTryCatch" "tryCatchOne" "tryCatchList" "tryCatch" "try" "subsampling.plants" 
"new.env" "env" "new_error_context" "poke_error_context" "withCallingHandlers" "mutate_cols" "mutate.data.frame" "mutate" ".External2" "%>%" "FUN" "lapply" "rbindlist" ".External2" "%>%" "subsampling.plants" 
"forderv" "[.data.table" "[" "FUN" "lapply" "rbindlist" "groupingsets.data.table" "cube.data.table" "cube" "withCallingHandlers" "suppressWarnings" "filter" ".External2" "%>%" "subsampling.plants" 
"tryCatchList" "tryCatch" "callFun" "<Anonymous>" "get_data" "detect_new" "rstudio$detect" "cli::num_ansi_colors" "has_ansi" ".Call" "list2" "env_bind0" "child_env" "structure" "child_r6lite" "new_quo_deparser" "expr_deparse" "infix_overflows" "as_label" "dplyr_quosures" "filter.data.frame" "NextMethod" "...elt" "stopifnot" ".re_sf" "filter.sf" "filter" ".External2" "%>%" "FUN" "lapply" "rbindlist" "rbind" ".External2" "%>%" "subsampling.plants" 
"doTryCatch" "tryCatchOne" "tryCatchList" "tryCatch" "try" "ud_are_convertible" "is_udunits_time" "as_units.character" "as_units" "crs_parameters" "st_is_longlat" "isTRUE" "st_centroid.sfc" "st_centroid" "st_set_geometry" "st_centroid.sf" "sf::st_centroid" "withCallingHandlers" "suppressWarnings" "get_data_object_splm" "splm" "FUN" "lapply" "doTryCatch" "tryCatchOne" "tryCatchList" "tryCatch" "try" "FUN" "lapply" "rbindlist" "rbind" ".External2" "%>%" "subsampling.plants" 
"base::crossprod" "crossprod" "crossprod" "gloglik_products.exponential" "gloglik_products" "FUN" "vapply" "cov_initial_search.exponential" "cov_initial_search" "cov_estimate_gloglik_splm" "splm" "FUN" "lapply" "doTryCatch" "tryCatchOne" "tryCatchList" "tryCatch" "try" "FUN" "lapply" "rbindlist" "rbind" ".External2" "%>%" "subsampling.plants" 
"/" "spcov_matrix.exponential" "spcov_matrix" "cov_matrix" "<Anonymous>" "mapply" "get_cov_matrix_list" "gloglik_products.exponential" "gloglik_products" "fn" "<Anonymous>" ".External2" "optim" "do.call" "use_gloglik" "cov_estimate_gloglik_splm" "splm" "FUN" "lapply" "doTryCatch" "tryCatchOne" "tryCatchList" "tryCatch" "try" "FUN" "lapply" "rbindlist" "rbind" ".External2" "%>%" "subsampling.plants" 
"standardGeneric" "unname" "spcov_params" "get_spcov_params" "fn" "<Anonymous>" ".External2" "optim" "do.call" "use_gloglik" "cov_estimate_gloglik_splm" "splm" "FUN" "lapply" "doTryCatch" "tryCatchOne" "tryCatchList" "tryCatch" "try" "FUN" "lapply" "rbindlist" "rbind" ".External2" "%>%" "subsampling.plants" 
".Call" "CPL_read_wkb" "st_as_sfc.WKB" "st_as_sfc.list" "st_as_sfc.blob" "st_as_sfc" "st_cast" "st_as_sfc.s2_geography" "st_as_sfc" "st_centroid.sfc" "st_centroid" "st_set_geometry" "st_centroid.sf" "sf::st_centroid" "withCallingHandlers" "suppressWarnings" "get_data_object_splm" "splm" "FUN" "lapply" "doTryCatch" "tryCatchOne" "tryCatchList" "tryCatch" "try" "FUN" "lapply" "rbindlist" "rbind" ".External2" "%>%" "subsampling.plants" 
"exp" "exp" "spcov_matrix.exponential" "spcov_matrix" "cov_matrix" "<Anonymous>" "mapply" "get_cov_matrix_list" "gloglik_products.exponential" "gloglik_products" "fn" "<Anonymous>" ".External2" "optim" "do.call" "use_gloglik" "cov_estimate_gloglik_splm" "splm" "FUN" "lapply" "doTryCatch" "tryCatchOne" "tryCatchList" "tryCatch" "try" "FUN" "lapply" "rbindlist" "rbind" ".External2" "%>%" "subsampling.plants" 
"get_minustwologlik" "fn" "<Anonymous>" ".External2" "optim" "do.call" "use_gloglik" "cov_estimate_gloglik_splm" "splm" "FUN" "lapply" "doTryCatch" "tryCatchOne" "tryCatchList" "tryCatch" "try" "FUN" "lapply" "rbindlist" "rbind" ".External2" "%>%" "subsampling.plants" 
"randcov_params" "fn" "<Anonymous>" ".External2" "optim" "do.call" "use_gloglik" "cov_estimate_gloglik_splm" "splm" "FUN" "lapply" "doTryCatch" "tryCatchOne" "tryCatchList" "tryCatch" "try" "FUN" "lapply" "rbindlist" "rbind" ".External2" "%>%" "subsampling.plants" 
"%in%" "deparse" "paste" "deparse1" "force" "as.data.frame.integer" "as.data.frame" "data.frame" "action_for_problems" "stop_for_problems" "wk::validate_wk_wkb" "s2_geog_from_wkb" "as_s2_geography.WKB" "s2::as_s2_geography" "st_as_s2.sfc" "as_s2_geography.sfc" "as_s2_geography" "cpp_s2_centroid" "structure" "new_s2_geography" "s2::s2_centroid" "st_as_sfc" "st_centroid.sfc" "st_centroid" "st_set_geometry" "st_centroid.sf" "sf::st_centroid" "withCallingHandlers" "suppressWarnings" "get_data_object_splm" "splm" "FUN" "lapply" "doTryCatch" "tryCatchOne" "tryCatchList" "tryCatch" "try" "FUN" "lapply" "rbindlist" "rbind" ".External2" "%>%" "subsampling.plants" 
"...length" "stopifnot" "is" "callNextMethod" "methods:::loadMethod" "methods:::loadMethod" "initialize" "new" "exp" "exp" "spcov_matrix.exponential" "spcov_matrix" "cov_matrix" "<Anonymous>" "mapply" "get_cov_matrix_list" "gloglik_products.exponential" "gloglik_products" "fn" "<Anonymous>" ".External2" "optim" "do.call" "use_gloglik" "cov_estimate_gloglik_splm" "splm" "FUN" "lapply" "doTryCatch" "tryCatchOne" "tryCatchList" "tryCatch" "try" "FUN" "lapply" "rbindlist" "rbind" ".External2" "%>%" "subsampling.plants" 
"as.data.frame.list" "as.data.frame" "data.frame" "Ops.data.frame" "cov_initial_search.exponential" "cov_initial_search" "cov_estimate_gloglik_splm" "splm" "FUN" "lapply" "doTryCatch" "tryCatchOne" "tryCatchList" "tryCatch" "try" "FUN" "lapply" "rbindlist" "rbind" ".External2" "%>%" "subsampling.plants" 
".Call" ".local" "Cholesky" "Cholesky" ".class1" "as" ".local" "Matrix::chol" "standardGeneric" "Matrix::chol" "get_cholprods" "<Anonymous>" "mapply" "gloglik_products.exponential" "gloglik_products" "fn" "<Anonymous>" ".External2" "optim" "do.call" "use_gloglik" "cov_estimate_gloglik_splm" "splm" "FUN" "lapply" "doTryCatch" "tryCatchOne" "tryCatchList" "tryCatch" "try" "FUN" "lapply" "rbindlist" "rbind" ".External2" "%>%" "subsampling.plants" 
"eval" "glue_data" "glue::glue" ".name_spec" "<Anonymous>" ".External2" "vec_c" "splice_dfs" "tibble_quos" "tibble::tibble" "glance.splm" "glance" "mutate" ".External2" "%>%" "FUN" "lapply" "rbindlist" "mutate" ".External2" "%>%" "FUN" "lapply" "rbindlist" "rbind" ".External2" "%>%" "subsampling.plants" 
"assign_func_envs" "DataMask$new" "filter_rows" "filter.data.frame" "NextMethod" "...elt" "stopifnot" ".re_sf" "filter.sf" "filter" ".External2" "%>%" "FUN" "lapply" "rbindlist" "rbind" ".External2" "%>%" "subsampling.plants" 
".hasSlot" "/" "/" "spcov_matrix.exponential" "spcov_matrix" "cov_matrix" "<Anonymous>" "mapply" "get_cov_matrix_list" "gloglik_products.exponential" "gloglik_products" "FUN" "vapply" "cov_initial_search.exponential" "cov_initial_search" "cov_estimate_gloglik_splm" "splm" "FUN" "lapply" "doTryCatch" "tryCatchOne" "tryCatchList" "tryCatch" "try" "FUN" "lapply" "rbindlist" "rbind" ".External2" "%>%" "subsampling.plants" 
"callNextMethod" "initialize" "initialize" "new" "asMethod" "as" ".local" "Matrix::chol" "standardGeneric" "Matrix::chol" "get_cholprods" "<Anonymous>" "mapply" "gloglik_products.exponential" "gloglik_products" "FUN" "vapply" "cov_initial_search.exponential" "cov_initial_search" "cov_estimate_gloglik_splm" "splm" "FUN" "lapply" "doTryCatch" "tryCatchOne" "tryCatchList" "tryCatch" "try" "FUN" "lapply" "rbindlist" "rbind" ".External2" "%>%" "subsampling.plants" 
"*" "*" "spcov_matrix.exponential" "spcov_matrix" "cov_matrix" "<Anonymous>" "mapply" "get_cov_matrix_list" "gloglik_products.exponential" "gloglik_products" "fn" "<Anonymous>" ".External2" "optim" "do.call" "use_gloglik" "cov_estimate_gloglik_splm" "splm" "FUN" "lapply" "doTryCatch" "tryCatchOne" "tryCatchList" "tryCatch" "try" "FUN" "lapply" "rbindlist" "rbind" ".External2" "%>%" "subsampling.plants" 
"lapply" "unlist" "gloglik_products.exponential" "gloglik_products" "FUN" "vapply" "cov_initial_search.exponential" "cov_initial_search" "cov_estimate_gloglik_splm" "splm" "FUN" "lapply" "doTryCatch" "tryCatchOne" "tryCatchList" "tryCatch" "try" "FUN" "lapply" "rbindlist" "rbind" ".External2" "%>%" "subsampling.plants" 
"is" "*" "*" "spcov_matrix.exponential" "spcov_matrix" "cov_matrix" "<Anonymous>" "mapply" "get_cov_matrix_list" "gloglik_products.exponential" "gloglik_products" "fn" "<Anonymous>" ".External2" "optim" "do.call" "use_gloglik" "cov_estimate_gloglik_splm" "splm" "FUN" "lapply" "doTryCatch" "tryCatchOne" "tryCatchList" "tryCatch" "try" "FUN" "lapply" "rbindlist" "rbind" ".External2" "%>%" "subsampling.plants" 
"is" "*" "*" "spcov_matrix.exponential" "spcov_matrix" "cov_matrix" "<Anonymous>" "mapply" "get_cov_matrix_list" "gloglik_products.exponential" "gloglik_products" "fn" "<Anonymous>" ".External2" "optim" "do.call" "use_gloglik" "cov_estimate_gloglik_splm" "splm" "FUN" "lapply" "doTryCatch" "tryCatchOne" "tryCatchList" "tryCatch" "try" "FUN" "lapply" "rbindlist" "rbind" ".External2" "%>%" "subsampling.plants" 
"is" "*" "*" "spcov_matrix.exponential" "spcov_matrix" "cov_matrix" "<Anonymous>" "mapply" "get_cov_matrix_list" "gloglik_products.exponential" "gloglik_products" "fn" "<Anonymous>" ".External2" "optim" "do.call" "use_gloglik" "cov_estimate_gloglik_splm" "splm" "FUN" "lapply" "doTryCatch" "tryCatchOne" "tryCatchList" "tryCatch" "try" "FUN" "lapply" "rbindlist" "rbind" ".External2" "%>%" "subsampling.plants" 
"is" "*" "*" "spcov_matrix.exponential" "spcov_matrix" "cov_matrix" "<Anonymous>" "mapply" "get_cov_matrix_list" "gloglik_products.exponential" "gloglik_products" "fn" "<Anonymous>" ".External2" "optim" "do.call" "use_gloglik" "cov_estimate_gloglik_splm" "splm" "FUN" "lapply" "doTryCatch" "tryCatchOne" "tryCatchList" "tryCatch" "try" "FUN" "lapply" "rbindlist" "rbind" ".External2" "%>%" "subsampling.plants" 
"is" "*" "*" "spcov_matrix.exponential" "spcov_matrix" "cov_matrix" "<Anonymous>" "mapply" "get_cov_matrix_list" "gloglik_products.exponential" "gloglik_products" "fn" "<Anonymous>" ".External2" "optim" "do.call" "use_gloglik" "cov_estimate_gloglik_splm" "splm" "FUN" "lapply" "doTryCatch" "tryCatchOne" "tryCatchList" "tryCatch" "try" "FUN" "lapply" "rbindlist" "rbind" ".External2" "%>%" "subsampling.plants" 
"is" "*" "*" "spcov_matrix.exponential" "spcov_matrix" "cov_matrix" "<Anonymous>" "mapply" "get_cov_matrix_list" "gloglik_products.exponential" "gloglik_products" "fn" "<Anonymous>" ".External2" "optim" "do.call" "use_gloglik" "cov_estimate_gloglik_splm" "splm" "FUN" "lapply" "doTryCatch" "tryCatchOne" "tryCatchList" "tryCatch" "try" "FUN" "lapply" "rbindlist" "rbind" ".External2" "%>%" "subsampling.plants" 
"asMethod" "as" "as.matrix.Matrix" "as.matrix" "forwardsolve" "get_cholprods" "<Anonymous>" "mapply" "gloglik_products.exponential" "gloglik_products" "fn" "<Anonymous>" ".External2" "optim" "do.call" "use_gloglik" "cov_estimate_gloglik_splm" "splm" "FUN" "lapply" "doTryCatch" "tryCatchOne" "tryCatchList" "tryCatch" "try" "FUN" "lapply" "rbindlist" "rbind" ".External2" "%>%" "subsampling.plants" 
"match.arg" "format.default" "format" "paste0" "expand.grid" "cov_initial_search.exponential" "cov_initial_search" "cov_estimate_gloglik_splm" "splm" "FUN" "lapply" "doTryCatch" "tryCatchOne" "tryCatchList" "tryCatch" "try" "FUN" "lapply" "rbindlist" "rbind" ".External2" "%>%" "subsampling.plants" 
"getClass" "<Anonymous>" ".local" "Matrix::chol" "standardGeneric" "Matrix::chol" "get_cholprods" "<Anonymous>" "mapply" "gloglik_products.exponential" "gloglik_products" "fn" "<Anonymous>" ".External2" "optim" "do.call" "use_gloglik" "cov_estimate_gloglik_splm" "splm" "FUN" "lapply" "doTryCatch" "tryCatchOne" "tryCatchList" "tryCatch" "try" "FUN" "lapply" "rbindlist" "rbind" ".External2" "%>%" "subsampling.plants" 
"gsub" "as_label" "quo_as_label" "new_error_context" "poke_error_context" "withCallingHandlers" "mutate_cols" "mutate.data.frame" "mutate" ".External2" "%>%" "FUN" "lapply" "rbindlist" "mutate" ".External2" "%>%" "FUN" "lapply" "rbindlist" "rbind" ".External2" "%>%" "subsampling.plants" 
"anyDuplicated" "validate_unique" "<Anonymous>" "vec_as_names" "withCallingHandlers" "subclass_name_repair_errors" "repaired_names" "set_names" "set_repaired_names" "tibble_quos" "tibble::tibble" "glance.splm" "glance" "mutate" ".External2" "%>%" "FUN" "lapply" "rbindlist" "mutate" ".External2" "%>%" "FUN" "lapply" "rbindlist" "rbind" ".External2" "%>%" "subsampling.plants" 
"readLines" "tools:::.parse_CITATION_file" "utils:::readCitationFile" ".Call" "<Anonymous>" "do.call" "callFun" "<Anonymous>" "get_data" "detect_new" "rstudio$detect" "num_ansi_colors" "cli::col_blue" ".rlang_cli_unstructure" "col_blue" "ansi_info" "ifelse" "<Anonymous>" ".rlang_cli_format_fallback" "rlang::signal" ".rlang_lifecycle_signal_stage" "deprecate_soft" "flatten" "is_list" "new_quosures" "filter_expand" "filter_rows" "filter.data.frame" "NextMethod" "...elt" "stopifnot" ".re_sf" "filter.sf" "filter" ".External2" "%>%" "FUN" "lapply" "rbindlist" "rbind" ".External2" "%>%" "subsampling.plants" 
"[.data.frame" "[" "FUN" "lapply" "split.data.frame" "split" "cov_initial_search.exponential" "cov_initial_search" "cov_estimate_gloglik_splm" "splm" "FUN" "lapply" "doTryCatch" "tryCatchOne" "tryCatchList" "tryCatch" "try" "FUN" "lapply" "rbindlist" "rbind" ".External2" "%>%" "subsampling.plants" 
"stopifnot" "is" "extends" "/" "/" "spcov_matrix.exponential" "spcov_matrix" "FUN" "lapply" "get_fitted_splm" "get_model_stats_splm" "splm" "FUN" "lapply" "doTryCatch" "tryCatchOne" "tryCatchList" "tryCatch" "try" "FUN" "lapply" "rbindlist" "rbind" ".External2" "%>%" "subsampling.plants" 
"stopifnot" "is" ".findMethodInTable" ".quickCoerceSelect" "as" ".local" "Matrix::chol" "standardGeneric" "Matrix::chol" "get_cholprods" "<Anonymous>" "mapply" "gloglik_products.exponential" "gloglik_products" "fn" "<Anonymous>" ".External2" "optim" "do.call" "use_gloglik" "cov_estimate_gloglik_splm" "splm" "FUN" "lapply" "doTryCatch" "tryCatchOne" "tryCatchList" "tryCatch" "try" "FUN" "lapply" "rbindlist" "rbind" ".External2" "%>%" "subsampling.plants" 
"exp" "exp" "spcov_matrix.exponential" "spcov_matrix" "cov_matrix" "<Anonymous>" "mapply" "get_cov_matrix_list" "gloglik_products.exponential" "gloglik_products" "fn" "<Anonymous>" ".External2" "optim" "do.call" "use_gloglik" "cov_estimate_gloglik_splm" "splm" "FUN" "lapply" "doTryCatch" "tryCatchOne" "tryCatchList" "tryCatch" "try" "FUN" "lapply" "rbindlist" "rbind" ".External2" "%>%" "subsampling.plants" 
".deparseOpts" "deparse" "paste" "FUN" "vapply" "model.frame.default" "model.frame" "get_data_object_splm" "splm" "FUN" "lapply" "doTryCatch" "tryCatchOne" "tryCatchList" "tryCatch" "try" "FUN" "lapply" "rbindlist" "rbind" ".External2" "%>%" "subsampling.plants" 
"sys.parent" "sys.call" "callGeneric" "/" "/" "spcov_matrix.exponential" "spcov_matrix" "cov_matrix" "<Anonymous>" "mapply" "get_cov_matrix_list" "gloglik_products.exponential" "gloglik_products" "fn" "<Anonymous>" ".External2" "optim" "do.call" "use_gloglik" "cov_estimate_gloglik_splm" "splm" "FUN" "lapply" "doTryCatch" "tryCatchOne" "tryCatchList" "tryCatch" "try" "FUN" "lapply" "rbindlist" "rbind" ".External2" "%>%" "subsampling.plants" 
"as.list" "as.function" "body<-" "body<-" ".selectSuperClasses" "%*%" "%*%" "%*%" "<Anonymous>" "mapply" "get_model_stats_splm" "splm" "FUN" "lapply" "doTryCatch" "tryCatchOne" "tryCatchList" "tryCatch" "try" "FUN" "lapply" "rbindlist" "rbind" ".External2" "%>%" "subsampling.plants" 
".findMethodInTable" ".quickCoerceSelect" "as" "as.matrix.Matrix" "as.matrix" "forwardsolve" "get_cholprods" "<Anonymous>" "mapply" "gloglik_products.exponential" "gloglik_products" "fn" "<Anonymous>" ".External2" "optim" "do.call" "use_gloglik" "cov_estimate_gloglik_splm" "splm" "FUN" "lapply" "doTryCatch" "tryCatchOne" "tryCatchList" "tryCatch" "try" "FUN" "lapply" "rbindlist" "rbind" ".External2" "%>%" "subsampling.plants" 
"deparse" "deparse_one" "as_label" "quo_as_label" "new_error_context" "poke_error_context" "withCallingHandlers" "mutate_cols" "mutate.data.frame" "mutate" ".External2" "%>%" "FUN" "lapply" "rbindlist" "mutate" ".External2" "%>%" "FUN" "lapply" "rbindlist" "rbind" ".External2" "%>%" "subsampling.plants" 
"file" "readLines" "tools:::.parse_CITATION_file" "utils:::readCitationFile" ".Call" "<Anonymous>" "do.call" "callFun" "<Anonymous>" "get_data" "detect_new" "rstudio$detect" "<Anonymous>" "symbol_info" "paste0" "cli::col_blue" ".rlang_cli_unstructure" "col_blue" "ansi_info" "ifelse" "<Anonymous>" ".rlang_cli_format_fallback" "rlang::signal" ".rlang_lifecycle_signal_stage" "deprecate_soft" "flatten" "is_list" "new_quosures" "filter_expand" "filter_rows" "filter.data.frame" "NextMethod" "...elt" "stopifnot" ".re_sf" "filter.sf" "filter" ".External2" "%>%" "FUN" "lapply" "rbindlist" "rbind" ".External2" "%>%" "subsampling.plants" 
"structure" "get_initial_range" "cov_initial_search.exponential" "cov_initial_search" "cov_estimate_gloglik_splm" "splm" "FUN" "lapply" "doTryCatch" "tryCatchOne" "tryCatchList" "tryCatch" "try" "FUN" "lapply" "rbindlist" "rbind" ".External2" "%>%" "subsampling.plants" 
"st_crs" "st_as_sfc.WKB" "st_as_sfc.list" "st_as_sfc.blob" "st_as_sfc" "st_cast" "st_as_sfc.s2_geography" "st_as_sfc" "st_centroid.sfc" "st_centroid" "st_set_geometry" "st_centroid.sf" "sf::st_centroid" "withCallingHandlers" "suppressWarnings" "get_data_object_splm" "splm" "FUN" "lapply" "doTryCatch" "tryCatchOne" "tryCatchList" "tryCatch" "try" "FUN" "lapply" "rbindlist" "rbind" ".External2" "%>%" "subsampling.plants" 
"spcov_matrix.exponential" "spcov_matrix" "cov_matrix" "<Anonymous>" "mapply" "get_cov_matrix_list" "gloglik_products.exponential" "gloglik_products" "fn" "<Anonymous>" ".External2" "optim" "do.call" "use_gloglik" "cov_estimate_gloglik_splm" "splm" "FUN" "lapply" "doTryCatch" "tryCatchOne" "tryCatchList" "tryCatch" "try" "FUN" "lapply" "rbindlist" "rbind" ".External2" "%>%" "subsampling.plants" 
"spcov_matrix" "cov_matrix" "<Anonymous>" "mapply" "get_cov_matrix_list" "gloglik_products.exponential" "gloglik_products" "FUN" "vapply" "cov_initial_search.exponential" "cov_initial_search" "cov_estimate_gloglik_splm" "splm" "FUN" "lapply" "doTryCatch" "tryCatchOne" "tryCatchList" "tryCatch" "try" "FUN" "lapply" "rbindlist" "rbind" ".External2" "%>%" "subsampling.plants" 
".selectSuperClasses" ".Call" ".local" "tcrossprod" "tcrossprod" "standardGeneric" "diag" "get_hatvalues" "FUN" "lapply" "unlist" "get_model_stats_splm" "splm" "FUN" "lapply" "doTryCatch" "tryCatchOne" "tryCatchList" "tryCatch" "try" "FUN" "lapply" "rbindlist" "rbind" ".External2" "%>%" "subsampling.plants" 
"getClassDef" "getClass" "asMethod" "as" "as.matrix.Matrix" "as.matrix" "forwardsolve" "get_cholprods" "<Anonymous>" "mapply" "gloglik_products.exponential" "gloglik_products" "fn" "<Anonymous>" ".External2" "optim" "do.call" "use_gloglik" "cov_estimate_gloglik_splm" "splm" "FUN" "lapply" "doTryCatch" "tryCatchOne" "tryCatchList" "tryCatch" "try" "FUN" "lapply" "rbindlist" "rbind" ".External2" "%>%" "subsampling.plants" 
"exp" "exp" "spcov_matrix.exponential" "spcov_matrix" "cov_matrix" "<Anonymous>" "mapply" "get_cov_matrix_list" "gloglik_products.exponential" "gloglik_products" "fn" "<Anonymous>" ".External2" "optim" "do.call" "use_gloglik" "cov_estimate_gloglik_splm" "splm" "FUN" "lapply" "doTryCatch" "tryCatchOne" "tryCatchList" "tryCatch" "try" "FUN" "lapply" "rbindlist" "rbind" ".External2" "%>%" "subsampling.plants" 
"names2" "dplyr_quosures" "force" "mutate_cols" "mutate.data.frame" "mutate" ".External2" "%>%" "FUN" "lapply" "rbindlist" "mutate" ".External2" "%>%" "FUN" "lapply" "rbindlist" "rbind" ".External2" "%>%" "subsampling.plants" 
"file" "readLines" "tools:::.parse_CITATION_file" "utils:::readCitationFile" ".Call" "<Anonymous>" "do.call" "callFun" "<Anonymous>" "get_data" "detect_new" "rstudio$detect" "num_ansi_colors" "cli::col_blue" ".rlang_cli_unstructure" "col_blue" "ansi_info" "ifelse" "<Anonymous>" ".rlang_cli_format_fallback" "rlang::signal" ".rlang_lifecycle_signal_stage" "deprecate_soft" "flatten" "is_list" "new_quosures" "filter_expand" "filter_rows" "filter.data.frame" "NextMethod" "...elt" "stopifnot" ".re_sf" "filter.sf" "filter" ".External2" "%>%" "FUN" "lapply" "rbindlist" "rbind" ".External2" "%>%" "subsampling.plants" 
"exp" "exp" "spcov_matrix.exponential" "spcov_matrix" "cov_matrix" "<Anonymous>" "mapply" "get_cov_matrix_list" "gloglik_products.exponential" "gloglik_products" "FUN" "vapply" "cov_initial_search.exponential" "cov_initial_search" "cov_estimate_gloglik_splm" "splm" "FUN" "lapply" "doTryCatch" "tryCatchOne" "tryCatchList" "tryCatch" "try" "FUN" "lapply" "rbindlist" "rbind" ".External2" "%>%" "subsampling.plants" 
"gloglik_products.exponential" "gloglik_products" "fn" "<Anonymous>" ".External2" "optim" "do.call" "use_gloglik" "cov_estimate_gloglik_splm" "splm" "FUN" "lapply" "doTryCatch" "tryCatchOne" "tryCatchList" "tryCatch" "try" "FUN" "lapply" "rbindlist" "rbind" ".External2" "%>%" "subsampling.plants" 
"stopifnot" "is" ".findMethodInTable" ".quickCoerceSelect" "as" "as.matrix.Matrix" "as.matrix" "forwardsolve" "get_cholprods" "<Anonymous>" "mapply" "gloglik_products.exponential" "gloglik_products" "get_prof_sigma2" "use_gloglik" "cov_estimate_gloglik_splm" "splm" "FUN" "lapply" "doTryCatch" "tryCatchOne" "tryCatchList" "tryCatch" "try" "FUN" "lapply" "rbindlist" "rbind" ".External2" "%>%" "subsampling.plants" 
"exp" "exp" "spcov_matrix.exponential" "spcov_matrix" "cov_matrix" "<Anonymous>" "mapply" "get_cov_matrix_list" "gloglik_products.exponential" "gloglik_products" "FUN" "vapply" "cov_initial_search.exponential" "cov_initial_search" "cov_estimate_gloglik_splm" "splm" "FUN" "lapply" "doTryCatch" "tryCatchOne" "tryCatchList" "tryCatch" "try" "FUN" "lapply" "rbindlist" "rbind" ".External2" "%>%" "subsampling.plants" 
"Cholesky" "Cholesky" ".class1" "as" ".local" "Matrix::chol" "standardGeneric" "Matrix::chol" "get_cholprods" "<Anonymous>" "mapply" "gloglik_products.exponential" "gloglik_products" "fn" "<Anonymous>" ".External2" "optim" "do.call" "use_gloglik" "cov_estimate_gloglik_splm" "splm" "FUN" "lapply" "doTryCatch" "tryCatchOne" "tryCatchList" "tryCatch" "try" "FUN" "lapply" "rbindlist" "rbind" ".External2" "%>%" "subsampling.plants" 
"Cholesky" "Cholesky" ".class1" "as" ".local" "Matrix::chol" "standardGeneric" "Matrix::chol" "get_cholprods" "<Anonymous>" "mapply" "gloglik_products.exponential" "gloglik_products" "fn" "<Anonymous>" ".External2" "optim" "do.call" "use_gloglik" "cov_estimate_gloglik_splm" "splm" "FUN" "lapply" "doTryCatch" "tryCatchOne" "tryCatchList" "tryCatch" "try" "FUN" "lapply" "rbindlist" "rbind" ".External2" "%>%" "subsampling.plants" 
"Cholesky" "Cholesky" ".class1" "as" ".local" "Matrix::chol" "standardGeneric" "Matrix::chol" "get_cholprods" "<Anonymous>" "mapply" "gloglik_products.exponential" "gloglik_products" "fn" "<Anonymous>" ".External2" "optim" "do.call" "use_gloglik" "cov_estimate_gloglik_splm" "splm" "FUN" "lapply" "doTryCatch" "tryCatchOne" "tryCatchList" "tryCatch" "try" "FUN" "lapply" "rbindlist" "rbind" ".External2" "%>%" "subsampling.plants" 
"Cholesky" "Cholesky" ".class1" "as" ".local" "Matrix::chol" "standardGeneric" "Matrix::chol" "get_cholprods" "<Anonymous>" "mapply" "gloglik_products.exponential" "gloglik_products" "fn" "<Anonymous>" ".External2" "optim" "do.call" "use_gloglik" "cov_estimate_gloglik_splm" "splm" "FUN" "lapply" "doTryCatch" "tryCatchOne" "tryCatchList" "tryCatch" "try" "FUN" "lapply" "rbindlist" "rbind" ".External2" "%>%" "subsampling.plants" 
"stopifnot" "is" ".findMethodInTable" ".quickCoerceSelect" "as" ".local" "Matrix::chol" "standardGeneric" "Matrix::chol" "get_cholprods" "<Anonymous>" "mapply" "gloglik_products.exponential" "gloglik_products" "fn" "<Anonymous>" ".External2" "optim" "do.call" "use_gloglik" "cov_estimate_gloglik_splm" "splm" "FUN" "lapply" "doTryCatch" "tryCatchOne" "tryCatchList" "tryCatch" "try" "FUN" "lapply" "rbindlist" "rbind" ".External2" "%>%" "subsampling.plants" 
"stopifnot" "is" ".findMethodInTable" ".quickCoerceSelect" "as" ".local" "Matrix::chol" "standardGeneric" "Matrix::chol" "get_cholprods" "<Anonymous>" "mapply" "gloglik_products.exponential" "gloglik_products" "fn" "<Anonymous>" ".External2" "optim" "do.call" "use_gloglik" "cov_estimate_gloglik_splm" "splm" "FUN" "lapply" "doTryCatch" "tryCatchOne" "tryCatchList" "tryCatch" "try" "FUN" "lapply" "rbindlist" "rbind" ".External2" "%>%" "subsampling.plants" 
"stopifnot" "is" ".findMethodInTable" ".quickCoerceSelect" "as" ".local" "Matrix::chol" "standardGeneric" "Matrix::chol" "get_cholprods" "<Anonymous>" "mapply" "gloglik_products.exponential" "gloglik_products" "fn" "<Anonymous>" ".External2" "optim" "do.call" "use_gloglik" "cov_estimate_gloglik_splm" "splm" "FUN" "lapply" "doTryCatch" "tryCatchOne" "tryCatchList" "tryCatch" "try" "FUN" "lapply" "rbindlist" "rbind" ".External2" "%>%" "subsampling.plants" 
"spcov_matrix.exponential" "spcov_matrix" "cov_matrix" "<Anonymous>" "mapply" "get_cov_matrix_list" "gloglik_products.exponential" "gloglik_products" "fn" "<Anonymous>" ".External2" "optim" "do.call" "use_gloglik" "cov_estimate_gloglik_splm" "splm" "FUN" "lapply" "doTryCatch" "tryCatchOne" "tryCatchList" "tryCatch" "try" "FUN" "lapply" "rbindlist" "rbind" ".External2" "%>%" "subsampling.plants" 
"exp" "exp" "spcov_matrix.exponential" "spcov_matrix" "cov_matrix" "<Anonymous>" "mapply" "get_cov_matrix_list" "gloglik_products.exponential" "gloglik_products" "FUN" "vapply" "cov_initial_search.exponential" "cov_initial_search" "cov_estimate_gloglik_splm" "splm" "FUN" "lapply" "doTryCatch" "tryCatchOne" "tryCatchList" "tryCatch" "try" "FUN" "lapply" "rbindlist" "rbind" ".External2" "%>%" "subsampling.plants" 
".Call" "R_ut_parse" "doTryCatch" "tryCatchOne" "tryCatchList" "tryCatch" "try" "ud_is_parseable" "is_udunits_time" "as_units.character" "as_units" "crs_parameters" "st_is_longlat" "isTRUE" "st_centroid.sfc" "st_centroid" "st_set_geometry" "st_centroid.sf" "sf::st_centroid" "withCallingHandlers" "suppressWarnings" "get_data_object_splm" "splm" "FUN" "lapply" "doTryCatch" "tryCatchOne" "tryCatchList" "tryCatch" "try" "FUN" "lapply" "rbindlist" "rbind" ".External2" "%>%" "subsampling.plants" 
"eigen" "get_eigenprods" "<Anonymous>" "mapply" "get_model_stats_splm" "splm" "FUN" "lapply" "doTryCatch" "tryCatchOne" "tryCatchList" "tryCatch" "try" "FUN" "lapply" "rbindlist" "rbind" ".External2" "%>%" "subsampling.plants" 
"gsub" "backtick" "as_units.character" "as_units" "crs_parameters" "st_is_longlat" "isTRUE" "st_centroid.sfc" "st_centroid" "st_set_geometry" "st_centroid.sf" "sf::st_centroid" "withCallingHandlers" "suppressWarnings" "get_data_object_splm" "splm" "FUN" "lapply" "doTryCatch" "tryCatchOne" "tryCatchList" "tryCatch" "try" "FUN" "lapply" "rbindlist" "rbind" ".External2" "%>%" "subsampling.plants" 
"<Anonymous>" "mapply" "get_cov_matrix_list" "gloglik_products.exponential" "gloglik_products" "FUN" "vapply" "cov_initial_search.exponential" "cov_initial_search" "cov_estimate_gloglik_splm" "splm" "FUN" "lapply" "doTryCatch" "tryCatchOne" "tryCatchList" "tryCatch" "try" "FUN" "lapply" "rbindlist" "rbind" ".External2" "%>%" "subsampling.plants" 
"eigen" "get_eigenprods" "<Anonymous>" "mapply" "get_model_stats_splm" "splm" "FUN" "lapply" "doTryCatch" "tryCatchOne" "tryCatchList" "tryCatch" "try" "FUN" "lapply" "rbindlist" "rbind" ".External2" "%>%" "subsampling.plants" 
"sum" "gloglik_products.exponential" "gloglik_products" "FUN" "vapply" "cov_initial_search.exponential" "cov_initial_search" "cov_estimate_gloglik_splm" "splm" "FUN" "lapply" "doTryCatch" "tryCatchOne" "tryCatchList" "tryCatch" "try" "FUN" "lapply" "rbindlist" "rbind" ".External2" "%>%" "subsampling.plants" 
"list2env" "list2env2" "DataMask$new" "mutate_cols" "mutate.data.frame" "mutate" ".External2" "%>%" "FUN" "lapply" "rbindlist" "mutate" ".External2" "%>%" "FUN" "lapply" "rbindlist" "rbind" ".External2" "%>%" "subsampling.plants" 
"initialize" "DataMask$new" "filter_rows" "filter.data.frame" "NextMethod" "...elt" "stopifnot" ".re_sf" "filter.sf" "filter" ".External2" "%>%" "FUN" "lapply" "rbindlist" "rbind" ".External2" "%>%" "subsampling.plants" 
"extends" "diagU2N" "-" "-" "spcov_matrix.exponential" "spcov_matrix" "cov_matrix" "<Anonymous>" "mapply" "get_cov_matrix_list" "gloglik_products.exponential" "gloglik_products" "fn" "<Anonymous>" ".External2" "optim" "do.call" "use_gloglik" "cov_estimate_gloglik_splm" "splm" "FUN" "lapply" "doTryCatch" "tryCatchOne" "tryCatchList" "tryCatch" "try" "FUN" "lapply" "rbindlist" "rbind" ".External2" "%>%" "subsampling.plants" 
"t.default" "t" "standardGeneric" "t" "standardGeneric" "t" "get_eigenprods" "<Anonymous>" "mapply" "get_model_stats_splm" "splm" "FUN" "lapply" "doTryCatch" "tryCatchOne" "tryCatchList" "tryCatch" "try" "FUN" "lapply" "rbindlist" "rbind" ".External2" "%>%" "subsampling.plants" 
"sys.function" "callNextMethod" "initialize" "initialize" "new" "asMethod" "as" ".local" "Matrix::chol" "standardGeneric" "Matrix::chol" "get_cholprods" "<Anonymous>" "mapply" "gloglik_products.exponential" "gloglik_products" "FUN" "vapply" "cov_initial_search.exponential" "cov_initial_search" "cov_estimate_gloglik_splm" "splm" "FUN" "lapply" "doTryCatch" "tryCatchOne" "tryCatchList" "tryCatch" "try" "FUN" "lapply" "rbindlist" "rbind" ".External2" "%>%" "subsampling.plants" 
"parse" "doTryCatch" "tryCatchOne" "tryCatchList" "tryCatch" "try" "as_units.character" "as_units" "crs_parameters" "st_is_longlat" "isTRUE" "st_centroid.sfc" "st_centroid" "st_set_geometry" "st_centroid.sf" "sf::st_centroid" "withCallingHandlers" "suppressWarnings" "get_data_object_splm" "splm" "FUN" "lapply" "doTryCatch" "tryCatchOne" "tryCatchList" "tryCatch" "try" "FUN" "lapply" "rbindlist" "rbind" ".External2" "%>%" "subsampling.plants" 
"diag" "standardGeneric" "diag" "FUN" "lapply" "unlist" "gloglik_products.exponential" "gloglik_products" "fn" "<Anonymous>" ".External2" "optim" "do.call" "use_gloglik" "cov_estimate_gloglik_splm" "splm" "FUN" "lapply" "doTryCatch" "tryCatchOne" "tryCatchList" "tryCatch" "try" "FUN" "lapply" "rbindlist" "rbind" ".External2" "%>%" "subsampling.plants" 
"stopifnot" "is" "extends" "diagU2N" "-" "-" "spcov_matrix.exponential" "spcov_matrix" "cov_matrix" "<Anonymous>" "mapply" "get_cov_matrix_list" "gloglik_products.exponential" "gloglik_products" "FUN" "vapply" "cov_initial_search.exponential" "cov_initial_search" "cov_estimate_gloglik_splm" "splm" "FUN" "lapply" "doTryCatch" "tryCatchOne" "tryCatchList" "tryCatch" "try" "FUN" "lapply" "rbindlist" "rbind" ".External2" "%>%" "subsampling.plants" 
"exp" "exp" "spcov_matrix.exponential" "spcov_matrix" "cov_matrix" "<Anonymous>" "mapply" "get_cov_matrix_list" "gloglik_products.exponential" "gloglik_products" "fn" "<Anonymous>" ".External2" "optim" "do.call" "use_gloglik" "cov_estimate_gloglik_splm" "splm" "FUN" "lapply" "doTryCatch" "tryCatchOne" "tryCatchList" "tryCatch" "try" "FUN" "lapply" "rbindlist" "rbind" ".External2" "%>%" "subsampling.plants" 
"quo_squash_impl" "node_squash" "switch_expr" "quo_squash_impl" "node_squash" "switch_expr" "quo_squash_impl" "quo_squash" "as_label" "quo_as_label" "new_error_context" "poke_error_context" "withCallingHandlers" "mutate_cols" "mutate.data.frame" "mutate" ".External2" "%>%" "FUN" "lapply" "rbindlist" "mutate" ".External2" "%>%" "FUN" "lapply" "rbindlist" "rbind" ".External2" "%>%" "subsampling.plants" 
"st_precision" "st_sfc" "[.sfc" "[" "[.sf" "[" "FUN" "lapply" "split.data.frame" "split" "standardGeneric" "split" "lapply" "doTryCatch" "tryCatchOne" "tryCatchList" "tryCatch" "try" "FUN" "lapply" "rbindlist" "rbind" ".External2" "%>%" "subsampling.plants" 
"getClass" "diag<-" "standardGeneric" "diag<-" "spcov_matrix.exponential" "spcov_matrix" "cov_matrix" "<Anonymous>" "mapply" "get_cov_matrix_list" "gloglik_products.exponential" "gloglik_products" "fn" "<Anonymous>" ".External2" "optim" "do.call" "use_gloglik" "cov_estimate_gloglik_splm" "splm" "FUN" "lapply" "doTryCatch" "tryCatchOne" "tryCatchList" "tryCatch" "try" "FUN" "lapply" "rbindlist" "rbind" ".External2" "%>%" "subsampling.plants" 
".classEnv" "asMethod" "as" "as.matrix.Matrix" "as.matrix" "forwardsolve" "get_cholprods" "<Anonymous>" "mapply" "gloglik_products.exponential" "gloglik_products" "fn" "<Anonymous>" ".External2" "optim" "do.call" "use_gloglik" "cov_estimate_gloglik_splm" "splm" "FUN" "lapply" "doTryCatch" "tryCatchOne" "tryCatchList" "tryCatch" "try" "FUN" "lapply" "rbindlist" "rbind" ".External2" "%>%" "subsampling.plants" 
".classEnv" "asMethod" "as" "as.matrix.Matrix" "as.matrix" "forwardsolve" "get_cholprods" "<Anonymous>" "mapply" "gloglik_products.exponential" "gloglik_products" "fn" "<Anonymous>" ".External2" "optim" "do.call" "use_gloglik" "cov_estimate_gloglik_splm" "splm" "FUN" "lapply" "doTryCatch" "tryCatchOne" "tryCatchList" "tryCatch" "try" "FUN" "lapply" "rbindlist" "rbind" ".External2" "%>%" "subsampling.plants" 
".classEnv" "asMethod" "as" "as.matrix.Matrix" "as.matrix" "forwardsolve" "get_cholprods" "<Anonymous>" "mapply" "gloglik_products.exponential" "gloglik_products" "fn" "<Anonymous>" ".External2" "optim" "do.call" "use_gloglik" "cov_estimate_gloglik_splm" "splm" "FUN" "lapply" "doTryCatch" "tryCatchOne" "tryCatchList" "tryCatch" "try" "FUN" "lapply" "rbindlist" "rbind" ".External2" "%>%" "subsampling.plants" 
"Cholesky" ".class1" "as" ".local" "Matrix::chol" "standardGeneric" "Matrix::chol" "get_cholprods" "<Anonymous>" "mapply" "gloglik_products.exponential" "gloglik_products" "fn" "<Anonymous>" ".External2" "optim" "do.call" "use_gloglik" "cov_estimate_gloglik_splm" "splm" "FUN" "lapply" "doTryCatch" "tryCatchOne" "tryCatchList" "tryCatch" "try" "FUN" "lapply" "rbindlist" "rbind" ".External2" "%>%" "subsampling.plants" 
"base::crossprod" "crossprod" "crossprod" "gloglik_products.exponential" "gloglik_products" "fn" "<Anonymous>" ".External2" "optim" "do.call" "use_gloglik" "cov_estimate_gloglik_splm" "splm" "FUN" "lapply" "doTryCatch" "tryCatchOne" "tryCatchList" "tryCatch" "try" "FUN" "lapply" "rbindlist" "rbind" ".External2" "%>%" "subsampling.plants" 
"stopifnot" "is" "extends" "diagU2N" "-" "-" "spcov_matrix.exponential" "spcov_matrix" "FUN" "lapply" "get_fitted_splm" "get_model_stats_splm" "splm" "FUN" "lapply" "doTryCatch" "tryCatchOne" "tryCatchList" "tryCatch" "try" "FUN" "lapply" "rbindlist" "rbind" ".External2" "%>%" "subsampling.plants" 
"exists" ".getMethodsTable" "as" ".local" "Matrix::chol" "standardGeneric" "Matrix::chol" "get_cholprods" "<Anonymous>" "mapply" "gloglik_products.exponential" "gloglik_products" "fn" "<Anonymous>" ".External2" "optim" "do.call" "use_gloglik" "cov_estimate_gloglik_splm" "splm" "FUN" "lapply" "doTryCatch" "tryCatchOne" "tryCatchList" "tryCatch" "try" "FUN" "lapply" "rbindlist" "rbind" ".External2" "%>%" "subsampling.plants" 
"names" "%in%" "[.data.frame" "[" "cov_initial_search.exponential" "cov_initial_search" "cov_estimate_gloglik_splm" "splm" "FUN" "lapply" "doTryCatch" "tryCatchOne" "tryCatchList" "tryCatch" "try" "FUN" "lapply" "rbindlist" "rbind" ".External2" "%>%" "subsampling.plants" 
"add_to_env2" "tibble_quos" "tibble::tibble" "glance.splm" "glance" "mutate" ".External2" "%>%" "FUN" "lapply" "rbindlist" "mutate" ".External2" "%>%" "FUN" "lapply" "rbindlist" "rbind" ".External2" "%>%" "subsampling.plants" 
"file" "readLines" "tools:::.parse_CITATION_file" "utils:::readCitationFile" ".Call" "<Anonymous>" "do.call" "callFun" "<Anonymous>" "get_data" "detect_new" "rstudio$detect" "num_ansi_colors" "cli::col_blue" ".rlang_cli_unstructure" "col_blue" "ansi_info" "ifelse" "<Anonymous>" ".rlang_cli_format_fallback" "rlang::signal" ".rlang_lifecycle_signal_stage" "deprecate_soft" "flatten" "is_list" "new_quosures" "filter_expand" "filter_rows" "filter.data.frame" "NextMethod" "...elt" "stopifnot" ".re_sf" "filter.sf" "filter" ".External2" "%>%" "FUN" "lapply" "rbindlist" "rbind" ".External2" "%>%" "subsampling.plants" 
"parent.frame" "callNextMethod" "initialize" "initialize" "new" "asMethod" "as" ".local" "Matrix::chol" "standardGeneric" "Matrix::chol" "get_cholprods" "<Anonymous>" "mapply" "gloglik_products.exponential" "gloglik_products" "fn" "<Anonymous>" ".External2" "optim" "do.call" "use_gloglik" "cov_estimate_gloglik_splm" "splm" "FUN" "lapply" "doTryCatch" "tryCatchOne" "tryCatchList" "tryCatch" "try" "FUN" "lapply" "rbindlist" "rbind" ".External2" "%>%" "subsampling.plants" 
"getClassDef" "getClass" "diag<-" "standardGeneric" "diag<-" "spcov_matrix.exponential" "spcov_matrix" "cov_matrix" "<Anonymous>" "mapply" "get_cov_matrix_list" "gloglik_products.exponential" "gloglik_products" "FUN" "vapply" "cov_initial_search.exponential" "cov_initial_search" "cov_estimate_gloglik_splm" "splm" "FUN" "lapply" "doTryCatch" "tryCatchOne" "tryCatchList" "tryCatch" "try" "FUN" "lapply" "rbindlist" "rbind" ".External2" "%>%" "subsampling.plants" 
".identC" "<Anonymous>" "asMethod" "as" ".local" "Matrix::chol" "standardGeneric" "Matrix::chol" "get_cholprods" "<Anonymous>" "mapply" "gloglik_products.exponential" "gloglik_products" "fn" "<Anonymous>" ".External2" "optim" "do.call" "use_gloglik" "cov_estimate_gloglik_splm" "splm" "FUN" "lapply" "doTryCatch" "tryCatchOne" "tryCatchList" "tryCatch" "try" "FUN" "lapply" "rbindlist" "rbind" ".External2" "%>%" "subsampling.plants" 
"extends" "diagU2N" "-" "-" "spcov_matrix.exponential" "spcov_matrix" "cov_matrix" "<Anonymous>" "mapply" "get_cov_matrix_list" "gloglik_products.exponential" "gloglik_products" "fn" "<Anonymous>" ".External2" "optim" "do.call" "use_gloglik" "cov_estimate_gloglik_splm" "splm" "FUN" "lapply" "doTryCatch" "tryCatchOne" "tryCatchList" "tryCatch" "try" "FUN" "lapply" "rbindlist" "rbind" ".External2" "%>%" "subsampling.plants" 
"standardGeneric" "unname" "spcov_params" "do.call" "FUN" "vapply" "cov_initial_search.exponential" "cov_initial_search" "cov_estimate_gloglik_splm" "splm" "FUN" "lapply" "doTryCatch" "tryCatchOne" "tryCatchList" "tryCatch" "try" "FUN" "lapply" "rbindlist" "rbind" ".External2" "%>%" "subsampling.plants" 
"dplyr_quosures" "force" "mutate_cols" "mutate.data.frame" "mutate" ".External2" "%>%" "FUN" "lapply" "rbindlist" "mutate" ".External2" "%>%" "FUN" "lapply" "rbindlist" "rbind" ".External2" "%>%" "subsampling.plants" 
".Call" "gw_dist" "gw.dist" "bw.gwr" "doTryCatch" "tryCatchOne" "tryCatchList" "tryCatch" "try" "FUN" "lapply" "rbindlist" ".External2" "%>%" "subsampling.plants" 
".Call" "gw_cv_all" "doTryCatch" "tryCatchOne" "tryCatchList" "tryCatch" "try" "fun" "eval" "gold" "bw.gwr" "doTryCatch" "tryCatchOne" "tryCatchList" "tryCatch" "try" "FUN" "lapply" "rbindlist" ".External2" "%>%" "subsampling.plants" 
"gold" "bw.gwr" "doTryCatch" "tryCatchOne" "tryCatchList" "tryCatch" "try" "FUN" "lapply" "rbindlist" ".External2" "%>%" "subsampling.plants" 
".Call" "gw_cv_all" "doTryCatch" "tryCatchOne" "tryCatchList" "tryCatch" "try" "fun" "eval" "gold" "bw.gwr" "doTryCatch" "tryCatchOne" "tryCatchList" "tryCatch" "try" "FUN" "lapply" "rbindlist" ".External2" "%>%" "subsampling.plants" 
"cov.wt" "gwss" "as.data.frame" "doTryCatch" "tryCatchOne" "tryCatchList" "tryCatch" "try" "FUN" "lapply" "rbindlist" ".External2" "%>%" "subsampling.plants" 
"cov.wt" "gwss" "as.data.frame" "doTryCatch" "tryCatchOne" "tryCatchList" "tryCatch" "try" "FUN" "lapply" "rbindlist" ".External2" "%>%" "subsampling.plants" 
"match.arg" "order" "aperm.default" "aperm" "sweep" "cov.wt" "gwss" "as.data.frame" "doTryCatch" "tryCatchOne" "tryCatchList" "tryCatch" "try" "FUN" "lapply" "rbindlist" ".External2" "%>%" "subsampling.plants" 
".Call" "gw_weight_mat" "gw.weight" "matrix" "gwss" "as.data.frame" "doTryCatch" "tryCatchOne" "tryCatchList" "tryCatch" "try" "FUN" "lapply" "rbindlist" ".External2" "%>%" "subsampling.plants" 
"cov.wt" "gwss" "as.data.frame" "doTryCatch" "tryCatchOne" "tryCatchList" "tryCatch" "try" "FUN" "lapply" "rbindlist" ".External2" "%>%" "subsampling.plants" 
"order" "aperm.default" "aperm" "sweep" "cov.wt" "gwss" "as.data.frame" "doTryCatch" "tryCatchOne" "tryCatchList" "tryCatch" "try" "FUN" "lapply" "rbindlist" ".External2" "%>%" "subsampling.plants" 
"all" "cov.wt" "gwss" "as.data.frame" "doTryCatch" "tryCatchOne" "tryCatchList" "tryCatch" "try" "FUN" "lapply" "rbindlist" ".External2" "%>%" "subsampling.plants" 
"is" ".findMethodInTable" ".quickCoerceSelect" "as<-" "initialize" "initialize" "new" "SpatialPointsDataFrame" "gwss" "as.data.frame" "doTryCatch" "tryCatchOne" "tryCatchList" "tryCatch" "try" "FUN" "lapply" "rbindlist" ".External2" "%>%" "subsampling.plants" 
"list" "dots_split" "env" "call_expand_dots" "eval_c" "walk_data_tree" "vars_select_eval" "withCallingHandlers" ".External" "try_fetch" "with_subscript_errors" "eval_select_impl" "tidyselect::eval_select" "select.data.frame" "dplyr::select" "replace" "setDT" ".External2" "%>%" "FUN" "lapply" "rbindlist" ".External2" "%>%" "subsampling.plants" 
"list" "dots_split" "env" "call_expand_dots" "eval_c" "walk_data_tree" "vars_select_eval" "withCallingHandlers" ".External" "try_fetch" "with_subscript_errors" "eval_select_impl" "tidyselect::eval_select" "select.data.frame" "dplyr::select" "replace" "setDT" ".External2" "%>%" "FUN" "lapply" "rbindlist" ".External2" "%>%" "subsampling.plants" 
"file.exists" "packageDescription" "withCallingHandlers" "suppressWarnings" "utils::packageVersion" ".rlang_cli_compat" ".rlang_cli_format_fallback" "signal" "compute_groups" "grouped_df" "group_by.data.frame" "group_by" "summarise" ".External2" "%>%" "FUN" "lapply" "rbindlist" ".External2" "%>%" "subsampling.plants" 
".Call" "gw_dist" "gw.dist" "bw.gwr" "doTryCatch" "tryCatchOne" "tryCatchList" "tryCatch" "try" "FUN" "lapply" "rbindlist" ".External2" "%>%" "subsampling.plants" 
".Call" "gw_cv_all" "doTryCatch" "tryCatchOne" "tryCatchList" "tryCatch" "try" "fun" "eval" "gold" "bw.gwr" "doTryCatch" "tryCatchOne" "tryCatchList" "tryCatch" "try" "FUN" "lapply" "rbindlist" ".External2" "%>%" "subsampling.plants" 
".Call" "gw_cv_all" "doTryCatch" "tryCatchOne" "tryCatchList" "tryCatch" "try" "fun" "eval" "gold" "bw.gwr" "doTryCatch" "tryCatchOne" "tryCatchList" "tryCatch" "try" "FUN" "lapply" "rbindlist" ".External2" "%>%" "subsampling.plants" 
"sum" "cov.wt" "gwss" "as.data.frame" "doTryCatch" "tryCatchOne" "tryCatchList" "tryCatch" "try" "FUN" "lapply" "rbindlist" ".External2" "%>%" "subsampling.plants" 
".Call" "gw_dist" "gw.dist" "gwss" "as.data.frame" "doTryCatch" "tryCatchOne" "tryCatchList" "tryCatch" "try" "FUN" "lapply" "rbindlist" ".External2" "%>%" "subsampling.plants" 
"gwss" "as.data.frame" "doTryCatch" "tryCatchOne" "tryCatchList" "tryCatch" "try" "FUN" "lapply" "rbindlist" ".External2" "%>%" "subsampling.plants" 
".Call" "gw_dist" "gw.dist" "gwss" "as.data.frame" "doTryCatch" "tryCatchOne" "tryCatchList" "tryCatch" "try" "FUN" "lapply" "rbindlist" ".External2" "%>%" "subsampling.plants" 
"sys.parent" "sys.function" "formals" "match.arg" "order" "aperm.default" "aperm" "sweep" "cov.wt" "gwss" "as.data.frame" "doTryCatch" "tryCatchOne" "tryCatchList" "tryCatch" "try" "FUN" "lapply" "rbindlist" ".External2" "%>%" "subsampling.plants" 
".Call" "gw_dist" "gw.dist" "gwss" "as.data.frame" "doTryCatch" "tryCatchOne" "tryCatchList" "tryCatch" "try" "FUN" "lapply" "rbindlist" ".External2" "%>%" "subsampling.plants" 
"order" "aperm.default" "aperm" "sweep" "cov.wt" "gwss" "as.data.frame" "doTryCatch" "tryCatchOne" "tryCatchList" "tryCatch" "try" "FUN" "lapply" "rbindlist" ".External2" "%>%" "subsampling.plants" 
"gwss" "as.data.frame" "doTryCatch" "tryCatchOne" "tryCatchList" "tryCatch" "try" "FUN" "lapply" "rbindlist" ".External2" "%>%" "subsampling.plants" 
"readRDS" "packageDescription" "withCallingHandlers" "suppressWarnings" "utils::packageVersion" ".rlang_cli_compat" ".rlang_cli_format_fallback" "signal" "compute_groups" "grouped_df" "group_by.data.frame" "group_by" "summarise" ".External2" "%>%" "FUN" "lapply" "rbindlist" ".External2" "%>%" "subsampling.plants" 
".Call" "gw_dist" "gw.dist" "bw.gwr" "doTryCatch" "tryCatchOne" "tryCatchList" "tryCatch" "try" "FUN" "lapply" "rbindlist" ".External2" "%>%" "subsampling.plants" 
".Call" "gw_dist" "gw.dist" "bw.gwr" "doTryCatch" "tryCatchOne" "tryCatchList" "tryCatch" "try" "FUN" "lapply" "rbindlist" ".External2" "%>%" "subsampling.plants" 
".Call" "gw_cv_all" "doTryCatch" "tryCatchOne" "tryCatchList" "tryCatch" "try" "fun" "eval" "gold" "bw.gwr" "doTryCatch" "tryCatchOne" "tryCatchList" "tryCatch" "try" "FUN" "lapply" "rbindlist" ".External2" "%>%" "subsampling.plants" 
".Call" "gw_cv_all" "doTryCatch" "tryCatchOne" "tryCatchList" "tryCatch" "try" "fun" "eval" "gold" "bw.gwr" "doTryCatch" "tryCatchOne" "tryCatchList" "tryCatch" "try" "FUN" "lapply" "rbindlist" ".External2" "%>%" "subsampling.plants" 
".Call" "gw_cv_all" "doTryCatch" "tryCatchOne" "tryCatchList" "tryCatch" "try" "fun" "eval" "gold" "bw.gwr" "doTryCatch" "tryCatchOne" "tryCatchList" "tryCatch" "try" "FUN" "lapply" "rbindlist" ".External2" "%>%" "subsampling.plants" 
".Call" "gw_cv_all" "doTryCatch" "tryCatchOne" "tryCatchList" "tryCatch" "try" "fun" "eval" "gold" "bw.gwr" "doTryCatch" "tryCatchOne" "tryCatchList" "tryCatch" "try" "FUN" "lapply" "rbindlist" ".External2" "%>%" "subsampling.plants" 
".Call" "gw_weight_mat" "gw.weight" "matrix" "gwss" "as.data.frame" "doTryCatch" "tryCatchOne" "tryCatchList" "tryCatch" "try" "FUN" "lapply" "rbindlist" ".External2" "%>%" "subsampling.plants" 
".Call" "gw_dist" "gw.dist" "gwss" "as.data.frame" "doTryCatch" "tryCatchOne" "tryCatchList" "tryCatch" "try" "FUN" "lapply" "rbindlist" ".External2" "%>%" "subsampling.plants" 
"aperm" "sweep" "cov.wt" "gwss" "as.data.frame" "doTryCatch" "tryCatchOne" "tryCatchList" "tryCatch" "try" "FUN" "lapply" "rbindlist" ".External2" "%>%" "subsampling.plants" 
"cov.wt" "gwss" "as.data.frame" "doTryCatch" "tryCatchOne" "tryCatchList" "tryCatch" "try" "FUN" "lapply" "rbindlist" ".External2" "%>%" "subsampling.plants" 
".Call" "gw_dist" "gw.dist" "gwss" "as.data.frame" "doTryCatch" "tryCatchOne" "tryCatchList" "tryCatch" "try" "FUN" "lapply" "rbindlist" ".External2" "%>%" "subsampling.plants" 
".Call" "gw_dist" "gw.dist" "gwss" "as.data.frame" "doTryCatch" "tryCatchOne" "tryCatchList" "tryCatch" "try" "FUN" "lapply" "rbindlist" ".External2" "%>%" "subsampling.plants" 
"sweep" "cov.wt" "gwss" "as.data.frame" "doTryCatch" "tryCatchOne" "tryCatchList" "tryCatch" "try" "FUN" "lapply" "rbindlist" ".External2" "%>%" "subsampling.plants" 
"cbind" "is.data.frame" "cov.wt" "gwss" "as.data.frame" "doTryCatch" "tryCatchOne" "tryCatchList" "tryCatch" "try" "FUN" "lapply" "rbindlist" ".External2" "%>%" "subsampling.plants" 
"stopifnot" "rank" "cbind" "is.data.frame" "cov.wt" "gwss" "as.data.frame" "doTryCatch" "tryCatchOne" "tryCatchList" "tryCatch" "try" "FUN" "lapply" "rbindlist" ".External2" "%>%" "subsampling.plants" 
"gwss" "as.data.frame" "doTryCatch" "tryCatchOne" "tryCatchList" "tryCatch" "try" "FUN" "lapply" "rbindlist" ".External2" "%>%" "subsampling.plants" 
"make.names" "data.frame" "as.data.frame.SpatialPointsDataFrame" "asMethod" "as" "bw.gwr" "doTryCatch" "tryCatchOne" "tryCatchList" "tryCatch" "try" "FUN" "lapply" "rbindlist" ".External2" "%>%" "subsampling.plants" 
".Call" "gw_dist" "gw.dist" "bw.gwr" "doTryCatch" "tryCatchOne" "tryCatchList" "tryCatch" "try" "FUN" "lapply" "rbindlist" ".External2" "%>%" "subsampling.plants" 
".Call" "gw_dist" "gw.dist" "bw.gwr" "doTryCatch" "tryCatchOne" "tryCatchList" "tryCatch" "try" "FUN" "lapply" "rbindlist" ".External2" "%>%" "subsampling.plants" 
".Call" "gw_cv_all" "doTryCatch" "tryCatchOne" "tryCatchList" "tryCatch" "try" "fun" "eval" "gold" "bw.gwr" "doTryCatch" "tryCatchOne" "tryCatchList" "tryCatch" "try" "FUN" "lapply" "rbindlist" ".External2" "%>%" "subsampling.plants" 
".Call" "gw_cv_all" "doTryCatch" "tryCatchOne" "tryCatchList" "tryCatch" "try" "fun" "eval" "gold" "bw.gwr" "doTryCatch" "tryCatchOne" "tryCatchList" "tryCatch" "try" "FUN" "lapply" "rbindlist" ".External2" "%>%" "subsampling.plants" 
".Call" "gw_cv_all" "doTryCatch" "tryCatchOne" "tryCatchList" "tryCatch" "try" "fun" "eval" "gold" "bw.gwr" "doTryCatch" "tryCatchOne" "tryCatchList" "tryCatch" "try" "FUN" "lapply" "rbindlist" ".External2" "%>%" "subsampling.plants" 
".Call" "gw_cv_all" "doTryCatch" "tryCatchOne" "tryCatchList" "tryCatch" "try" "fun" "eval" "gold" "bw.gwr" "doTryCatch" "tryCatchOne" "tryCatchList" "tryCatch" "try" "FUN" "lapply" "rbindlist" ".External2" "%>%" "subsampling.plants" 
"gw.weight" "matrix" "gwss" "as.data.frame" "doTryCatch" "tryCatchOne" "tryCatchList" "tryCatch" "try" "FUN" "lapply" "rbindlist" ".External2" "%>%" "subsampling.plants" 
".Call" "gw_dist" "gw.dist" "gwss" "as.data.frame" "doTryCatch" "tryCatchOne" "tryCatchList" "tryCatch" "try" "FUN" "lapply" "rbindlist" ".External2" "%>%" "subsampling.plants" 
"gw_weight_mat" "gw.weight" "matrix" "gwss" "as.data.frame" "doTryCatch" "tryCatchOne" "tryCatchList" "tryCatch" "try" "FUN" "lapply" "rbindlist" ".External2" "%>%" "subsampling.plants" 
"gwss" "as.data.frame" "doTryCatch" "tryCatchOne" "tryCatchList" "tryCatch" "try" "FUN" "lapply" "rbindlist" ".External2" "%>%" "subsampling.plants" 
"eval" "match.arg" "order" "aperm.default" "aperm" "sweep" "cov.wt" "gwss" "as.data.frame" "doTryCatch" "tryCatchOne" "tryCatchList" "tryCatch" "try" "FUN" "lapply" "rbindlist" ".External2" "%>%" "subsampling.plants" 
"aperm.default" "aperm" "sweep" "cov.wt" "gwss" "as.data.frame" "doTryCatch" "tryCatchOne" "tryCatchList" "tryCatch" "try" "FUN" "lapply" "rbindlist" ".External2" "%>%" "subsampling.plants" 
".Call" "gw_dist" "gw.dist" "gwss" "as.data.frame" "doTryCatch" "tryCatchOne" "tryCatchList" "tryCatch" "try" "FUN" "lapply" "rbindlist" ".External2" "%>%" "subsampling.plants" 
"cbind" "is.data.frame" "cov.wt" "gwss" "as.data.frame" "doTryCatch" "tryCatchOne" "tryCatchList" "tryCatch" "try" "FUN" "lapply" "rbindlist" ".External2" "%>%" "subsampling.plants" 
"rank" "cbind" "is.data.frame" "cov.wt" "gwss" "as.data.frame" "doTryCatch" "tryCatchOne" "tryCatchList" "tryCatch" "try" "FUN" "lapply" "rbindlist" ".External2" "%>%" "subsampling.plants" 
"context_local" "local_error_context" "summarise_cols" "summarise.data.frame" "summarise" "mutate" ".External2" "%>%" "FUN" "lapply" "rbindlist" ".External2" "%>%" "subsampling.plants" 
".Call" "dots_split" "env" "new_error_context" "poke_error_context" "withCallingHandlers" "mutate_cols" "mutate.data.frame" "mutate" "mutate_if" "dplyr::select" ".External2" "%>%" "subsampling.plants" 
